{"meta": {"format": 3, "version": "7.11.3", "timestamp": "2025-11-14T02:57:56.224131", "branch_coverage": false, "show_contexts": false}, "files": {"src/data_layer/__init__.py": {"executed_lines": [1, 3, 17], "summary": {"covered_lines": 2, "num_statements": 2, "percent_covered": 100.0, "percent_covered_display": "100", "missing_lines": 0, "excluded_lines": 0}, "missing_lines": [], "excluded_lines": [], "functions": {"": {"executed_lines": [1, 3, 17], "summary": {"covered_lines": 2, "num_statements": 2, "percent_covered": 100.0, "percent_covered_display": "100", "missing_lines": 0, "excluded_lines": 0}, "missing_lines": [], "excluded_lines": []}}, "classes": {"": {"executed_lines": [1, 3, 17], "summary": {"covered_lines": 2, "num_statements": 2, "percent_covered": 100.0, "percent_covered_display": "100", "missing_lines": 0, "excluded_lines": 0}, "missing_lines": [], "excluded_lines": []}}}, "src/data_layer/kafka_stream.py": {"executed_lines": [1, 15, 16, 17, 18, 19, 20, 21, 22, 25, 26, 36, 38, 39, 47, 48, 49, 50, 52, 68, 84, 94, 100, 117, 121, 123, 126, 133, 135, 140, 149, 157, 158, 164, 194, 254, 262, 267], "summary": {"covered_lines": 35, "num_statements": 83, "percent_covered": 42.16867469879518, "percent_covered_display": "42", "missing_lines": 48, "excluded_lines": 0}, "missing_lines": [62, 78, 118, 119, 142, 143, 144, 145, 146, 147, 151, 152, 153, 154, 178, 179, 188, 189, 190, 191, 192, 213, 214, 215, 217, 218, 220, 221, 222, 224, 225, 227, 234, 236, 239, 240, 243, 245, 246, 249, 250, 252, 256, 257, 258, 264, 274, 278], "excluded_lines": [], "functions": {"KafkaStreamProducer.__init__": {"executed_lines": [38, 39, 47, 48, 49, 50], "summary": {"covered_lines": 6, "num_statements": 6, "percent_covered": 100.0, "percent_covered_display": "100", "missing_lines": 0, "excluded_lines": 0}, "missing_lines": [], "excluded_lines": []}, "KafkaStreamProducer.publish_news": {"executed_lines": [], "summary": {"covered_lines": 0, "num_statements": 1, "percent_covered": 0.0, "percent_covered_display": "0", "missing_lines": 1, "excluded_lines": 0}, "missing_lines": [62], "excluded_lines": []}, "KafkaStreamProducer.publish_filing": {"executed_lines": [], "summary": {"covered_lines": 0, "num_statements": 1, "percent_covered": 0.0, "percent_covered_display": "0", "missing_lines": 1, "excluded_lines": 0}, "missing_lines": [78], "excluded_lines": []}, "KafkaStreamProducer.publish_signal": {"executed_lines": [94], "summary": {"covered_lines": 1, "num_statements": 1, "percent_covered": 100.0, "percent_covered_display": "100", "missing_lines": 0, "excluded_lines": 0}, "missing_lines": [], "excluded_lines": []}, "KafkaStreamProducer._publish": {"executed_lines": [117, 121, 123, 126, 133, 135, 140], "summary": {"covered_lines": 7, "num_statements": 15, "percent_covered": 46.666666666666664, "percent_covered_display": "47", "missing_lines": 8, "excluded_lines": 0}, "missing_lines": [118, 119, 142, 143, 144, 145, 146, 147], "excluded_lines": []}, "KafkaStreamProducer.close": {"executed_lines": [], "summary": {"covered_lines": 0, "num_statements": 4, "percent_covered": 0.0, "percent_covered_display": "0", "missing_lines": 4, "excluded_lines": 0}, "missing_lines": [151, 152, 153, 154], "excluded_lines": []}, "KafkaStreamConsumer.__init__": {"executed_lines": [], "summary": {"covered_lines": 0, "num_statements": 7, "percent_covered": 0.0, "percent_covered_display": "0", "missing_lines": 7, "excluded_lines": 0}, "missing_lines": [178, 179, 188, 189, 190, 191, 192], "excluded_lines": []}, "KafkaStreamConsumer.consume_messages": {"executed_lines": [], "summary": {"covered_lines": 0, "num_statements": 21, "percent_covered": 0.0, "percent_covered_display": "0", "missing_lines": 21, "excluded_lines": 0}, "missing_lines": [213, 214, 215, 217, 218, 220, 221, 222, 224, 225, 227, 234, 236, 239, 240, 243, 245, 246, 249, 250, 252], "excluded_lines": []}, "KafkaStreamConsumer.close": {"executed_lines": [], "summary": {"covered_lines": 0, "num_statements": 3, "percent_covered": 0.0, "percent_covered_display": "0", "missing_lines": 3, "excluded_lines": 0}, "missing_lines": [256, 257, 258], "excluded_lines": []}, "create_news_stream": {"executed_lines": [], "summary": {"covered_lines": 0, "num_statements": 1, "percent_covered": 0.0, "percent_covered_display": "0", "missing_lines": 1, "excluded_lines": 0}, "missing_lines": [264], "excluded_lines": []}, "create_signal_consumer": {"executed_lines": [], "summary": {"covered_lines": 0, "num_statements": 2, "percent_covered": 0.0, "percent_covered_display": "0", "missing_lines": 2, "excluded_lines": 0}, "missing_lines": [274, 278], "excluded_lines": []}, "": {"executed_lines": [1, 15, 16, 17, 18, 19, 20, 21, 22, 25, 26, 36, 52, 68, 84, 100, 149, 157, 158, 164, 194, 254, 262, 267], "summary": {"covered_lines": 21, "num_statements": 21, "percent_covered": 100.0, "percent_covered_display": "100", "missing_lines": 0, "excluded_lines": 0}, "missing_lines": [], "excluded_lines": []}}, "classes": {"KafkaStreamProducer": {"executed_lines": [38, 39, 47, 48, 49, 50, 94, 117, 121, 123, 126, 133, 135, 140], "summary": {"covered_lines": 14, "num_statements": 28, "percent_covered": 50.0, "percent_covered_display": "50", "missing_lines": 14, "excluded_lines": 0}, "missing_lines": [62, 78, 118, 119, 142, 143, 144, 145, 146, 147, 151, 152, 153, 154], "excluded_lines": []}, "KafkaStreamConsumer": {"executed_lines": [], "summary": {"covered_lines": 0, "num_statements": 31, "percent_covered": 0.0, "percent_covered_display": "0", "missing_lines": 31, "excluded_lines": 0}, "missing_lines": [178, 179, 188, 189, 190, 191, 192, 213, 214, 215, 217, 218, 220, 221, 222, 224, 225, 227, 234, 236, 239, 240, 243, 245, 246, 249, 250, 252, 256, 257, 258], "excluded_lines": []}, "": {"executed_lines": [1, 15, 16, 17, 18, 19, 20, 21, 22, 25, 26, 36, 52, 68, 84, 100, 149, 157, 158, 164, 194, 254, 262, 267], "summary": {"covered_lines": 21, "num_statements": 24, "percent_covered": 87.5, "percent_covered_display": "88", "missing_lines": 3, "excluded_lines": 0}, "missing_lines": [264, 274, 278], "excluded_lines": []}}}, "src/data_layer/market_data.py": {"executed_lines": [1, 16, 17, 18, 19, 20, 21, 22, 23, 26, 27, 34, 36, 40, 42, 43, 93, 94, 130, 131, 200, 244, 251, 252, 253, 254, 261, 263, 265, 266, 268, 296], "summary": {"covered_lines": 30, "num_statements": 102, "percent_covered": 29.41176470588235, "percent_covered_display": "29", "missing_lines": 72, "excluded_lines": 0}, "missing_lines": [55, 57, 58, 60, 61, 62, 63, 64, 73, 74, 77, 78, 79, 80, 81, 89, 90, 91, 111, 112, 113, 115, 116, 117, 119, 120, 126, 127, 128, 144, 146, 148, 149, 154, 161, 162, 163, 164, 174, 175, 176, 179, 180, 181, 182, 183, 184, 194, 195, 196, 198, 210, 211, 212, 213, 215, 216, 217, 219, 237, 238, 239, 240, 241, 242, 255, 256, 257, 258, 264, 288, 292], "excluded_lines": [], "functions": {"MarketDataProvider.__init__": {"executed_lines": [36, 40], "summary": {"covered_lines": 2, "num_statements": 2, "percent_covered": 100.0, "percent_covered_display": "100", "missing_lines": 0, "excluded_lines": 0}, "missing_lines": [], "excluded_lines": []}, "MarketDataProvider.get_quote": {"executed_lines": [], "summary": {"covered_lines": 0, "num_statements": 18, "percent_covered": 0.0, "percent_covered_display": "0", "missing_lines": 18, "excluded_lines": 0}, "missing_lines": [55, 57, 58, 60, 61, 62, 63, 64, 73, 74, 77, 78, 79, 80, 81, 89, 90, 91], "excluded_lines": []}, "MarketDataProvider.get_historical_data": {"executed_lines": [], "summary": {"covered_lines": 0, "num_statements": 11, "percent_covered": 0.0, "percent_covered_display": "0", "missing_lines": 11, "excluded_lines": 0}, "missing_lines": [111, 112, 113, 115, 116, 117, 119, 120, 126, 127, 128], "excluded_lines": []}, "MarketDataProvider.get_news": {"executed_lines": [], "summary": {"covered_lines": 0, "num_statements": 22, "percent_covered": 0.0, "percent_covered_display": "0", "missing_lines": 22, "excluded_lines": 0}, "missing_lines": [144, 146, 148, 149, 154, 161, 162, 163, 164, 174, 175, 176, 179, 180, 181, 182, 183, 184, 194, 195, 196, 198], "excluded_lines": []}, "MarketDataProvider.get_company_info": {"executed_lines": [], "summary": {"covered_lines": 0, "num_statements": 14, "percent_covered": 0.0, "percent_covered_display": "0", "missing_lines": 14, "excluded_lines": 0}, "missing_lines": [210, 211, 212, 213, 215, 216, 217, 219, 237, 238, 239, 240, 241, 242], "excluded_lines": []}, "MarketDataProvider.is_market_open": {"executed_lines": [251, 252, 253, 254, 261, 263, 265, 266], "summary": {"covered_lines": 8, "num_statements": 13, "percent_covered": 61.53846153846154, "percent_covered_display": "62", "missing_lines": 5, "excluded_lines": 0}, "missing_lines": [255, 256, 257, 258, 264], "excluded_lines": []}, "MarketDataProvider.get_sec_filings": {"executed_lines": [], "summary": {"covered_lines": 0, "num_statements": 2, "percent_covered": 0.0, "percent_covered_display": "0", "missing_lines": 2, "excluded_lines": 0}, "missing_lines": [288, 292], "excluded_lines": []}, "": {"executed_lines": [1, 16, 17, 18, 19, 20, 21, 22, 23, 26, 27, 34, 42, 43, 93, 94, 130, 131, 200, 244, 268, 296], "summary": {"covered_lines": 20, "num_statements": 20, "percent_covered": 100.0, "percent_covered_display": "100", "missing_lines": 0, "excluded_lines": 0}, "missing_lines": [], "excluded_lines": []}}, "classes": {"MarketDataProvider": {"executed_lines": [36, 40, 251, 252, 253, 254, 261, 263, 265, 266], "summary": {"covered_lines": 10, "num_statements": 82, "percent_covered": 12.195121951219512, "percent_covered_display": "12", "missing_lines": 72, "excluded_lines": 0}, "missing_lines": [55, 57, 58, 60, 61, 62, 63, 64, 73, 74, 77, 78, 79, 80, 81, 89, 90, 91, 111, 112, 113, 115, 116, 117, 119, 120, 126, 127, 128, 144, 146, 148, 149, 154, 161, 162, 163, 164, 174, 175, 176, 179, 180, 181, 182, 183, 184, 194, 195, 196, 198, 210, 211, 212, 213, 215, 216, 217, 219, 237, 238, 239, 240, 241, 242, 255, 256, 257, 258, 264, 288, 292], "excluded_lines": []}, "": {"executed_lines": [1, 16, 17, 18, 19, 20, 21, 22, 23, 26, 27, 34, 42, 43, 93, 94, 130, 131, 200, 244, 268, 296], "summary": {"covered_lines": 20, "num_statements": 20, "percent_covered": 100.0, "percent_covered_display": "100", "missing_lines": 0, "excluded_lines": 0}, "missing_lines": [], "excluded_lines": []}}}, "src/data_layer/models.py": {"executed_lines": [1, 8, 9, 10, 11, 14, 15, 16, 17, 18, 21, 22, 23, 24, 27, 28, 29, 30, 31, 32, 35, 36, 37, 38, 39, 40, 41, 44, 45, 46, 47, 48, 49, 52, 53, 62, 63, 64, 70, 76, 82, 88, 94, 95, 96, 100, 102, 103, 118, 119, 122, 123, 124, 125, 126, 127, 128, 129, 130, 131, 132, 133, 134, 136, 137, 139, 140, 141, 142, 143, 145, 146, 149, 150, 151, 152, 153, 154, 155, 156, 157, 158, 161, 162, 163, 164, 165, 166, 167, 168, 169, 170, 171, 174, 175, 180, 181, 185, 189, 190, 191, 192, 193, 196, 197, 198, 199, 200, 201, 202, 203, 204, 207, 208, 209, 210, 211, 212, 213, 214, 217, 218, 219, 220, 221, 222, 223, 224], "summary": {"covered_lines": 114, "num_statements": 114, "percent_covered": 100.0, "percent_covered_display": "100", "missing_lines": 0, "excluded_lines": 0}, "missing_lines": [], "excluded_lines": [], "functions": {"Trade.calculate_pnl": {"executed_lines": [139, 140, 141, 142, 143, 145, 146], "summary": {"covered_lines": 7, "num_statements": 7, "percent_covered": 100.0, "percent_covered_display": "100", "missing_lines": 0, "excluded_lines": 0}, "missing_lines": [], "excluded_lines": []}, "": {"executed_lines": [1, 8, 9, 10, 11, 14, 15, 16, 17, 18, 21, 22, 23, 24, 27, 28, 29, 30, 31, 32, 35, 36, 37, 38, 39, 40, 41, 44, 45, 46, 47, 48, 49, 52, 53, 62, 63, 64, 70, 76, 82, 88, 94, 95, 96, 100, 102, 103, 118, 119, 122, 123, 124, 125, 126, 127, 128, 129, 130, 131, 132, 133, 134, 136, 137, 149, 150, 151, 152, 153, 154, 155, 156, 157, 158, 161, 162, 163, 164, 165, 166, 167, 168, 169, 170, 171, 174, 175, 180, 181, 185, 189, 190, 191, 192, 193, 196, 197, 198, 199, 200, 201, 202, 203, 204, 207, 208, 209, 210, 211, 212, 213, 214, 217, 218, 219, 220, 221, 222, 223, 224], "summary": {"covered_lines": 107, "num_statements": 107, "percent_covered": 100.0, "percent_covered_display": "100", "missing_lines": 0, "excluded_lines": 0}, "missing_lines": [], "excluded_lines": []}}, "classes": {"SignalType": {"executed_lines": [], "summary": {"covered_lines": 0, "num_statements": 0, "percent_covered": 100.0, "percent_covered_display": "100", "missing_lines": 0, "excluded_lines": 0}, "missing_lines": [], "excluded_lines": []}, "OrderSide": {"executed_lines": [], "summary": {"covered_lines": 0, "num_statements": 0, "percent_covered": 100.0, "percent_covered_display": "100", "missing_lines": 0, "excluded_lines": 0}, "missing_lines": [], "excluded_lines": []}, "OrderType": {"executed_lines": [], "summary": {"covered_lines": 0, "num_statements": 0, "percent_covered": 100.0, "percent_covered_display": "100", "missing_lines": 0, "excluded_lines": 0}, "missing_lines": [], "excluded_lines": []}, "OrderStatus": {"executed_lines": [], "summary": {"covered_lines": 0, "num_statements": 0, "percent_covered": 100.0, "percent_covered_display": "100", "missing_lines": 0, "excluded_lines": 0}, "missing_lines": [], "excluded_lines": []}, "MarketDataType": {"executed_lines": [], "summary": {"covered_lines": 0, "num_statements": 0, "percent_covered": 100.0, "percent_covered_display": "100", "missing_lines": 0, "excluded_lines": 0}, "missing_lines": [], "excluded_lines": []}, "TradingSignal": {"executed_lines": [], "summary": {"covered_lines": 0, "num_statements": 0, "percent_covered": 100.0, "percent_covered_display": "100", "missing_lines": 0, "excluded_lines": 0}, "missing_lines": [], "excluded_lines": []}, "TradingSignal.Config": {"executed_lines": [], "summary": {"covered_lines": 0, "num_statements": 0, "percent_covered": 100.0, "percent_covered_display": "100", "missing_lines": 0, "excluded_lines": 0}, "missing_lines": [], "excluded_lines": []}, "Trade": {"executed_lines": [139, 140, 141, 142, 143, 145, 146], "summary": {"covered_lines": 7, "num_statements": 7, "percent_covered": 100.0, "percent_covered_display": "100", "missing_lines": 0, "excluded_lines": 0}, "missing_lines": [], "excluded_lines": []}, "Position": {"executed_lines": [], "summary": {"covered_lines": 0, "num_statements": 0, "percent_covered": 100.0, "percent_covered_display": "100", "missing_lines": 0, "excluded_lines": 0}, "missing_lines": [], "excluded_lines": []}, "PortfolioState": {"executed_lines": [], "summary": {"covered_lines": 0, "num_statements": 0, "percent_covered": 100.0, "percent_covered_display": "100", "missing_lines": 0, "excluded_lines": 0}, "missing_lines": [], "excluded_lines": []}, "LLMAnalysis": {"executed_lines": [], "summary": {"covered_lines": 0, "num_statements": 0, "percent_covered": 100.0, "percent_covered_display": "100", "missing_lines": 0, "excluded_lines": 0}, "missing_lines": [], "excluded_lines": []}, "MarketNews": {"executed_lines": [], "summary": {"covered_lines": 0, "num_statements": 0, "percent_covered": 100.0, "percent_covered_display": "100", "missing_lines": 0, "excluded_lines": 0}, "missing_lines": [], "excluded_lines": []}, "SECFiling": {"executed_lines": [], "summary": {"covered_lines": 0, "num_statements": 0, "percent_covered": 100.0, "percent_covered_display": "100", "missing_lines": 0, "excluded_lines": 0}, "missing_lines": [], "excluded_lines": []}, "EarningsCall": {"executed_lines": [], "summary": {"covered_lines": 0, "num_statements": 0, "percent_covered": 100.0, "percent_covered_display": "100", "missing_lines": 0, "excluded_lines": 0}, "missing_lines": [], "excluded_lines": []}, "": {"executed_lines": [1, 8, 9, 10, 11, 14, 15, 16, 17, 18, 21, 22, 23, 24, 27, 28, 29, 30, 31, 32, 35, 36, 37, 38, 39, 40, 41, 44, 45, 46, 47, 48, 49, 52, 53, 62, 63, 64, 70, 76, 82, 88, 94, 95, 96, 100, 102, 103, 118, 119, 122, 123, 124, 125, 126, 127, 128, 129, 130, 131, 132, 133, 134, 136, 137, 149, 150, 151, 152, 153, 154, 155, 156, 157, 158, 161, 162, 163, 164, 165, 166, 167, 168, 169, 170, 171, 174, 175, 180, 181, 185, 189, 190, 191, 192, 193, 196, 197, 198, 199, 200, 201, 202, 203, 204, 207, 208, 209, 210, 211, 212, 213, 214, 217, 218, 219, 220, 221, 222, 223, 224], "summary": {"covered_lines": 107, "num_statements": 107, "percent_covered": 100.0, "percent_covered_display": "100", "missing_lines": 0, "excluded_lines": 0}, "missing_lines": [], "excluded_lines": []}}}, "src/llm_agents/__init__.py": {"executed_lines": [1, 3, 4, 5, 7], "summary": {"covered_lines": 4, "num_statements": 4, "percent_covered": 100.0, "percent_covered_display": "100", "missing_lines": 0, "excluded_lines": 0}, "missing_lines": [], "excluded_lines": [], "functions": {"": {"executed_lines": [1, 3, 4, 5, 7], "summary": {"covered_lines": 4, "num_statements": 4, "percent_covered": 100.0, "percent_covered_display": "100", "missing_lines": 0, "excluded_lines": 0}, "missing_lines": [], "excluded_lines": []}}, "classes": {"": {"executed_lines": [1, 3, 4, 5, 7], "summary": {"covered_lines": 4, "num_statements": 4, "percent_covered": 100.0, "percent_covered_display": "100", "missing_lines": 0, "excluded_lines": 0}, "missing_lines": [], "excluded_lines": []}}}, "src/llm_agents/base_agent.py": {"executed_lines": [1, 12, 13, 14, 15, 16, 17, 18, 19, 20, 21, 24, 25, 32, 39, 40, 41, 44, 50, 52, 65, 66, 68, 69, 73, 75, 77, 89, 90, 91, 92, 97, 112, 113, 115, 174, 235, 279, 280, 295], "summary": {"covered_lines": 38, "num_statements": 74, "percent_covered": 51.351351351351354, "percent_covered_display": "51", "missing_lines": 36, "excluded_lines": 0}, "missing_lines": [139, 141, 142, 158, 159, 160, 161, 163, 168, 170, 171, 172, 198, 200, 202, 203, 205, 207, 219, 220, 221, 222, 224, 229, 231, 232, 233, 257, 258, 261, 263, 264, 266, 273, 293, 304], "excluded_lines": [], "functions": {"BaseLLMAgent.__init__": {"executed_lines": [39, 40, 41, 44, 50], "summary": {"covered_lines": 5, "num_statements": 5, "percent_covered": 100.0, "percent_covered_display": "100", "missing_lines": 0, "excluded_lines": 0}, "missing_lines": [], "excluded_lines": []}, "BaseLLMAgent._get_cached_analysis": {"executed_lines": [65, 66, 68, 69, 73, 75], "summary": {"covered_lines": 6, "num_statements": 6, "percent_covered": 100.0, "percent_covered_display": "100", "missing_lines": 0, "excluded_lines": 0}, "missing_lines": [], "excluded_lines": []}, "BaseLLMAgent._cache_analysis": {"executed_lines": [89, 90, 91, 92], "summary": {"covered_lines": 4, "num_statements": 4, "percent_covered": 100.0, "percent_covered_display": "100", "missing_lines": 0, "excluded_lines": 0}, "missing_lines": [], "excluded_lines": []}, "BaseLLMAgent._estimate_cost": {"executed_lines": [112, 113], "summary": {"covered_lines": 2, "num_statements": 2, "percent_covered": 100.0, "percent_covered_display": "100", "missing_lines": 0, "excluded_lines": 0}, "missing_lines": [], "excluded_lines": []}, "BaseLLMAgent._call_groq": {"executed_lines": [], "summary": {"covered_lines": 0, "num_statements": 12, "percent_covered": 0.0, "percent_covered_display": "0", "missing_lines": 12, "excluded_lines": 0}, "missing_lines": [139, 141, 142, 158, 159, 160, 161, 163, 168, 170, 171, 172], "excluded_lines": []}, "BaseLLMAgent._call_anthropic": {"executed_lines": [], "summary": {"covered_lines": 0, "num_statements": 15, "percent_covered": 0.0, "percent_covered_display": "0", "missing_lines": 15, "excluded_lines": 0}, "missing_lines": [198, 200, 202, 203, 205, 207, 219, 220, 221, 222, 224, 229, 231, 232, 233], "excluded_lines": []}, "BaseLLMAgent._call_llm": {"executed_lines": [], "summary": {"covered_lines": 0, "num_statements": 7, "percent_covered": 0.0, "percent_covered_display": "0", "missing_lines": 7, "excluded_lines": 0}, "missing_lines": [257, 258, 261, 263, 264, 266, 273], "excluded_lines": []}, "BaseLLMAgent.analyze": {"executed_lines": [], "summary": {"covered_lines": 0, "num_statements": 1, "percent_covered": 0.0, "percent_covered_display": "0", "missing_lines": 1, "excluded_lines": 0}, "missing_lines": [293], "excluded_lines": []}, "BaseLLMAgent.get_performance_metrics": {"executed_lines": [], "summary": {"covered_lines": 0, "num_statements": 1, "percent_covered": 0.0, "percent_covered_display": "0", "missing_lines": 1, "excluded_lines": 0}, "missing_lines": [304], "excluded_lines": []}, "": {"executed_lines": [1, 12, 13, 14, 15, 16, 17, 18, 19, 20, 21, 24, 25, 32, 52, 77, 97, 115, 174, 235, 279, 280, 295], "summary": {"covered_lines": 21, "num_statements": 21, "percent_covered": 100.0, "percent_covered_display": "100", "missing_lines": 0, "excluded_lines": 0}, "missing_lines": [], "excluded_lines": []}}, "classes": {"BaseLLMAgent": {"executed_lines": [39, 40, 41, 44, 50, 65, 66, 68, 69, 73, 75, 89, 90, 91, 92, 112, 113], "summary": {"covered_lines": 17, "num_statements": 53, "percent_covered": 32.075471698113205, "percent_covered_display": "32", "missing_lines": 36, "excluded_lines": 0}, "missing_lines": [139, 141, 142, 158, 159, 160, 161, 163, 168, 170, 171, 172, 198, 200, 202, 203, 205, 207, 219, 220, 221, 222, 224, 229, 231, 232, 233, 257, 258, 261, 263, 264, 266, 273, 293, 304], "excluded_lines": []}, "": {"executed_lines": [1, 12, 13, 14, 15, 16, 17, 18, 19, 20, 21, 24, 25, 32, 52, 77, 97, 115, 174, 235, 279, 280, 295], "summary": {"covered_lines": 21, "num_statements": 21, "percent_covered": 100.0, "percent_covered_display": "100", "missing_lines": 0, "excluded_lines": 0}, "missing_lines": [], "excluded_lines": []}}}, "src/llm_agents/ensemble_strategy.py": {"executed_lines": [1, 13, 14, 15, 16, 17, 18, 19, 20, 23, 24, 33, 48, 49, 50, 51, 54, 55, 57, 64, 81, 83, 87, 89, 90, 93, 94, 100, 103, 110, 111, 112, 113, 114, 115, 117, 118, 121, 129, 135, 151, 172, 177, 180, 183, 202, 203, 206, 215, 216, 218, 219, 221, 229, 231], "summary": {"covered_lines": 53, "num_statements": 61, "percent_covered": 86.88524590163935, "percent_covered_display": "87", "missing_lines": 8, "excluded_lines": 0}, "missing_lines": [84, 85, 136, 141, 148, 181, 254, 255], "excluded_lines": [], "functions": {"EnsembleStrategy.__init__": {"executed_lines": [48, 49, 50, 51, 54, 55, 57], "summary": {"covered_lines": 7, "num_statements": 7, "percent_covered": 100.0, "percent_covered_display": "100", "missing_lines": 0, "excluded_lines": 0}, "missing_lines": [], "excluded_lines": []}, "EnsembleStrategy.generate_signal": {"executed_lines": [81, 83, 87, 89, 90, 93, 94, 100, 103, 110, 111, 112, 113, 114, 115, 117, 118, 121, 129, 135, 151, 172, 177, 180], "summary": {"covered_lines": 24, "num_statements": 30, "percent_covered": 80.0, "percent_covered_display": "80", "missing_lines": 6, "excluded_lines": 0}, "missing_lines": [84, 85, 136, 141, 148, 181], "excluded_lines": []}, "EnsembleStrategy._build_reasoning": {"executed_lines": [202, 203, 206, 215, 216, 218, 219, 221, 229], "summary": {"covered_lines": 9, "num_statements": 9, "percent_covered": 100.0, "percent_covered_display": "100", "missing_lines": 0, "excluded_lines": 0}, "missing_lines": [], "excluded_lines": []}, "EnsembleStrategy.backtest": {"executed_lines": [], "summary": {"covered_lines": 0, "num_statements": 2, "percent_covered": 0.0, "percent_covered_display": "0", "missing_lines": 2, "excluded_lines": 0}, "missing_lines": [254, 255], "excluded_lines": []}, "": {"executed_lines": [1, 13, 14, 15, 16, 17, 18, 19, 20, 23, 24, 33, 64, 183, 231], "summary": {"covered_lines": 13, "num_statements": 13, "percent_covered": 100.0, "percent_covered_display": "100", "missing_lines": 0, "excluded_lines": 0}, "missing_lines": [], "excluded_lines": []}}, "classes": {"EnsembleStrategy": {"executed_lines": [48, 49, 50, 51, 54, 55, 57, 81, 83, 87, 89, 90, 93, 94, 100, 103, 110, 111, 112, 113, 114, 115, 117, 118, 121, 129, 135, 151, 172, 177, 180, 202, 203, 206, 215, 216, 218, 219, 221, 229], "summary": {"covered_lines": 40, "num_statements": 48, "percent_covered": 83.33333333333333, "percent_covered_display": "83", "missing_lines": 8, "excluded_lines": 0}, "missing_lines": [84, 85, 136, 141, 148, 181, 254, 255], "excluded_lines": []}, "": {"executed_lines": [1, 13, 14, 15, 16, 17, 18, 19, 20, 23, 24, 33, 64, 183, 231], "summary": {"covered_lines": 13, "num_statements": 13, "percent_covered": 100.0, "percent_covered_display": "100", "missing_lines": 0, "excluded_lines": 0}, "missing_lines": [], "excluded_lines": []}}}, "src/llm_agents/feature_engineering.py": {"executed_lines": [1, 14, 15, 16, 17, 18, 19, 20, 23, 24, 25, 26, 27, 28, 29, 30, 31, 34, 35, 36, 38, 39, 40, 41, 42, 43, 44, 45, 48, 49, 50, 51, 52, 53, 56, 57, 58, 59, 60, 61, 64, 65, 66, 67, 70, 71, 72, 73, 74, 77, 78, 79, 80, 81, 82, 83, 84, 85, 86, 89, 90, 91, 93, 94, 95, 98, 99, 100, 103, 104, 105, 108, 109, 112, 113, 114, 115, 116, 117, 118, 119, 120, 121, 124, 125, 126, 127, 128, 129, 130, 131, 132, 133, 136, 137, 139, 140, 142, 145, 146, 147, 149, 150, 152, 153, 155, 156, 157, 159, 160, 167, 170, 173, 174, 176, 179, 180, 182, 184, 186, 187, 189, 190, 192, 193, 195, 196, 198, 200, 201, 208, 211, 212, 213, 214, 215, 216, 217, 219, 220, 222, 223, 229, 233, 234, 235, 237, 238, 240, 242, 243, 250, 257, 258, 259, 260, 263, 265, 268, 269, 271, 288, 291, 294, 295, 298, 306, 309, 310, 311, 313, 316, 324, 325, 326, 329, 331, 332, 334, 337, 339, 349, 358, 360, 364, 365, 366, 370, 372, 374, 377, 378, 379, 380, 381, 383, 384, 388, 390, 397, 399, 412, 413, 415, 416, 417, 419, 444, 449, 454, 457, 462, 465, 469, 479, 487, 490, 491, 494, 495, 496, 497, 498, 503, 505, 506, 509, 510, 511, 512, 513, 514, 517, 518, 519, 520, 524, 525, 528, 529, 530, 531, 536, 537, 542, 543, 544, 545, 547, 579, 591, 594, 595, 596, 598, 612, 618, 619, 620, 621, 630, 631, 632, 633, 642, 643, 644, 645, 651, 654, 655, 656, 657, 659, 663, 664, 665, 668, 669, 670, 672, 682, 691, 694, 695, 697, 699, 702, 704, 706, 750], "summary": {"covered_lines": 281, "num_statements": 325, "percent_covered": 86.46153846153847, "percent_covered_display": "86", "missing_lines": 44, "excluded_lines": 0}, "missing_lines": [143, 168, 209, 230, 231, 251, 289, 299, 300, 301, 302, 303, 304, 359, 361, 367, 375, 386, 401, 445, 446, 500, 502, 532, 533, 539, 622, 623, 625, 627, 634, 635, 637, 639, 646, 647, 649, 658, 660, 696, 698, 700, 713, 715], "excluded_lines": [], "functions": {"TechnicalIndicators.calculate_rsi": {"executed_lines": [142, 145, 146, 147, 149, 150, 152, 153, 155, 156, 157], "summary": {"covered_lines": 11, "num_statements": 12, "percent_covered": 91.66666666666667, "percent_covered_display": "92", "missing_lines": 1, "excluded_lines": 0}, "missing_lines": [143], "excluded_lines": []}, "TechnicalIndicators.calculate_macd": {"executed_lines": [167, 170, 173, 174, 176, 179, 180, 182, 184], "summary": {"covered_lines": 9, "num_statements": 10, "percent_covered": 90.0, "percent_covered_display": "90", "missing_lines": 1, "excluded_lines": 0}, "missing_lines": [168], "excluded_lines": []}, "TechnicalIndicators._ema": {"executed_lines": [189, 190, 192, 193, 195, 196, 198], "summary": {"covered_lines": 7, "num_statements": 7, "percent_covered": 100.0, "percent_covered_display": "100", "missing_lines": 0, "excluded_lines": 0}, "missing_lines": [], "excluded_lines": []}, "TechnicalIndicators.calculate_atr": {"executed_lines": [208, 211, 212, 213, 214, 215, 216, 217, 219, 220], "summary": {"covered_lines": 10, "num_statements": 11, "percent_covered": 90.9090909090909, "percent_covered_display": "91", "missing_lines": 1, "excluded_lines": 0}, "missing_lines": [209], "excluded_lines": []}, "TechnicalIndicators.calculate_bollinger_bands": {"executed_lines": [229, 233, 234, 235, 237, 238, 240], "summary": {"covered_lines": 7, "num_statements": 9, "percent_covered": 77.77777777777777, "percent_covered_display": "78", "missing_lines": 2, "excluded_lines": 0}, "missing_lines": [230, 231], "excluded_lines": []}, "TechnicalIndicators.calculate_adx": {"executed_lines": [250, 257, 258, 259, 260, 263, 265], "summary": {"covered_lines": 7, "num_statements": 8, "percent_covered": 87.5, "percent_covered_display": "88", "missing_lines": 1, "excluded_lines": 0}, "missing_lines": [251], "excluded_lines": []}, "RegimeDetector.detect_regime": {"executed_lines": [288, 291, 294, 295, 298, 306, 309, 310, 311, 313, 316, 324, 325, 326, 329, 331, 332, 334, 337, 339], "summary": {"covered_lines": 20, "num_statements": 27, "percent_covered": 74.07407407407408, "percent_covered_display": "74", "missing_lines": 7, "excluded_lines": 0}, "missing_lines": [289, 299, 300, 301, 302, 303, 304], "excluded_lines": []}, "RegimeDetector._classify_regime": {"executed_lines": [358, 360, 364, 365, 366, 370], "summary": {"covered_lines": 6, "num_statements": 9, "percent_covered": 66.66666666666667, "percent_covered_display": "67", "missing_lines": 3, "excluded_lines": 0}, "missing_lines": [359, 361, 367], "excluded_lines": []}, "RegimeDetector._count_consolidation_days": {"executed_lines": [374, 377, 378, 379, 380, 381, 383, 384, 388], "summary": {"covered_lines": 9, "num_statements": 11, "percent_covered": 81.81818181818181, "percent_covered_display": "82", "missing_lines": 2, "excluded_lines": 0}, "missing_lines": [375, 386], "excluded_lines": []}, "RegimeDetector._estimate_regime_duration": {"executed_lines": [397], "summary": {"covered_lines": 1, "num_statements": 1, "percent_covered": 100.0, "percent_covered_display": "100", "missing_lines": 0, "excluded_lines": 0}, "missing_lines": [], "excluded_lines": []}, "RegimeDetector._default_regime": {"executed_lines": [], "summary": {"covered_lines": 0, "num_statements": 1, "percent_covered": 0.0, "percent_covered_display": "0", "missing_lines": 1, "excluded_lines": 0}, "missing_lines": [401], "excluded_lines": []}, "FeatureEngineer.__init__": {"executed_lines": [416, 417], "summary": {"covered_lines": 2, "num_statements": 2, "percent_covered": 100.0, "percent_covered_display": "100", "missing_lines": 0, "excluded_lines": 0}, "missing_lines": [], "excluded_lines": []}, "FeatureEngineer.create_features": {"executed_lines": [444, 449, 454, 457, 462, 465, 469], "summary": {"covered_lines": 7, "num_statements": 9, "percent_covered": 77.77777777777777, "percent_covered_display": "78", "missing_lines": 2, "excluded_lines": 0}, "missing_lines": [445, 446], "excluded_lines": []}, "FeatureEngineer._create_technical_features": {"executed_lines": [487, 490, 491, 494, 495, 496, 497, 498, 503, 505, 506, 509, 510, 511, 512, 513, 514, 517, 518, 519, 520, 524, 525, 528, 529, 530, 531, 536, 537, 542, 543, 544, 545, 547], "summary": {"covered_lines": 34, "num_statements": 39, "percent_covered": 87.17948717948718, "percent_covered_display": "87", "missing_lines": 5, "excluded_lines": 0}, "missing_lines": [500, 502, 532, 533, 539], "excluded_lines": []}, "FeatureEngineer._create_alternative_features": {"executed_lines": [591, 594, 595, 596, 598], "summary": {"covered_lines": 5, "num_statements": 5, "percent_covered": 100.0, "percent_covered_display": "100", "missing_lines": 0, "excluded_lines": 0}, "missing_lines": [], "excluded_lines": []}, "FeatureEngineer._create_multi_timeframe_features": {"executed_lines": [618, 619, 620, 621, 630, 631, 632, 633, 642, 643, 644, 645, 651, 654, 655, 656, 657, 659, 663, 664, 665, 668, 669, 670, 672], "summary": {"covered_lines": 25, "num_statements": 38, "percent_covered": 65.78947368421052, "percent_covered_display": "66", "missing_lines": 13, "excluded_lines": 0}, "missing_lines": [622, 623, 625, 627, 634, 635, 637, 639, 646, 647, 649, 658, 660], "excluded_lines": []}, "FeatureEngineer._assess_feature_quality": {"executed_lines": [691, 694, 695, 697, 699, 702, 704], "summary": {"covered_lines": 7, "num_statements": 10, "percent_covered": 70.0, "percent_covered_display": "70", "missing_lines": 3, "excluded_lines": 0}, "missing_lines": [696, 698, 700], "excluded_lines": []}, "FeatureEngineer._default_features": {"executed_lines": [], "summary": {"covered_lines": 0, "num_statements": 2, "percent_covered": 0.0, "percent_covered_display": "0", "missing_lines": 2, "excluded_lines": 0}, "missing_lines": [713, 715], "excluded_lines": []}, "": {"executed_lines": [1, 14, 15, 16, 17, 18, 19, 20, 23, 24, 25, 26, 27, 28, 29, 30, 31, 34, 35, 36, 38, 39, 40, 41, 42, 43, 44, 45, 48, 49, 50, 51, 52, 53, 56, 57, 58, 59, 60, 61, 64, 65, 66, 67, 70, 71, 72, 73, 74, 77, 78, 79, 80, 81, 82, 83, 84, 85, 86, 89, 90, 91, 93, 94, 95, 98, 99, 100, 103, 104, 105, 108, 109, 112, 113, 114, 115, 116, 117, 118, 119, 120, 121, 124, 125, 126, 127, 128, 129, 130, 131, 132, 133, 136, 137, 139, 140, 159, 160, 186, 187, 200, 201, 222, 223, 242, 243, 268, 269, 271, 349, 372, 390, 399, 412, 413, 415, 419, 479, 579, 612, 682, 706, 750], "summary": {"covered_lines": 114, "num_statements": 114, "percent_covered": 100.0, "percent_covered_display": "100", "missing_lines": 0, "excluded_lines": 0}, "missing_lines": [], "excluded_lines": []}}, "classes": {"MarketRegime": {"executed_lines": [], "summary": {"covered_lines": 0, "num_statements": 0, "percent_covered": 100.0, "percent_covered_display": "100", "missing_lines": 0, "excluded_lines": 0}, "missing_lines": [], "excluded_lines": []}, "TechnicalFeatures": {"executed_lines": [], "summary": {"covered_lines": 0, "num_statements": 0, "percent_covered": 100.0, "percent_covered_display": "100", "missing_lines": 0, "excluded_lines": 0}, "missing_lines": [], "excluded_lines": []}, "RegimeFeatures": {"executed_lines": [], "summary": {"covered_lines": 0, "num_statements": 0, "percent_covered": 100.0, "percent_covered_display": "100", "missing_lines": 0, "excluded_lines": 0}, "missing_lines": [], "excluded_lines": []}, "AlternativeFeatures": {"executed_lines": [], "summary": {"covered_lines": 0, "num_statements": 0, "percent_covered": 100.0, "percent_covered_display": "100", "missing_lines": 0, "excluded_lines": 0}, "missing_lines": [], "excluded_lines": []}, "MultiTimeframeFeatures": {"executed_lines": [], "summary": {"covered_lines": 0, "num_statements": 0, "percent_covered": 100.0, "percent_covered_display": "100", "missing_lines": 0, "excluded_lines": 0}, "missing_lines": [], "excluded_lines": []}, "EnhancedFeatureSet": {"executed_lines": [], "summary": {"covered_lines": 0, "num_statements": 0, "percent_covered": 100.0, "percent_covered_display": "100", "missing_lines": 0, "excluded_lines": 0}, "missing_lines": [], "excluded_lines": []}, "TechnicalIndicators": {"executed_lines": [142, 145, 146, 147, 149, 150, 152, 153, 155, 156, 157, 167, 170, 173, 174, 176, 179, 180, 182, 184, 189, 190, 192, 193, 195, 196, 198, 208, 211, 212, 213, 214, 215, 216, 217, 219, 220, 229, 233, 234, 235, 237, 238, 240, 250, 257, 258, 259, 260, 263, 265], "summary": {"covered_lines": 51, "num_statements": 57, "percent_covered": 89.47368421052632, "percent_covered_display": "89", "missing_lines": 6, "excluded_lines": 0}, "missing_lines": [143, 168, 209, 230, 231, 251], "excluded_lines": []}, "RegimeDetector": {"executed_lines": [288, 291, 294, 295, 298, 306, 309, 310, 311, 313, 316, 324, 325, 326, 329, 331, 332, 334, 337, 339, 358, 360, 364, 365, 366, 370, 374, 377, 378, 379, 380, 381, 383, 384, 388, 397], "summary": {"covered_lines": 36, "num_statements": 49, "percent_covered": 73.46938775510205, "percent_covered_display": "73", "missing_lines": 13, "excluded_lines": 0}, "missing_lines": [289, 299, 300, 301, 302, 303, 304, 359, 361, 367, 375, 386, 401], "excluded_lines": []}, "FeatureEngineer": {"executed_lines": [416, 417, 444, 449, 454, 457, 462, 465, 469, 487, 490, 491, 494, 495, 496, 497, 498, 503, 505, 506, 509, 510, 511, 512, 513, 514, 517, 518, 519, 520, 524, 525, 528, 529, 530, 531, 536, 537, 542, 543, 544, 545, 547, 591, 594, 595, 596, 598, 618, 619, 620, 621, 630, 631, 632, 633, 642, 643, 644, 645, 651, 654, 655, 656, 657, 659, 663, 664, 665, 668, 669, 670, 672, 691, 694, 695, 697, 699, 702, 704], "summary": {"covered_lines": 80, "num_statements": 105, "percent_covered": 76.19047619047619, "percent_covered_display": "76", "missing_lines": 25, "excluded_lines": 0}, "missing_lines": [445, 446, 500, 502, 532, 533, 539, 622, 623, 625, 627, 634, 635, 637, 639, 646, 647, 649, 658, 660, 696, 698, 700, 713, 715], "excluded_lines": []}, "": {"executed_lines": [1, 14, 15, 16, 17, 18, 19, 20, 23, 24, 25, 26, 27, 28, 29, 30, 31, 34, 35, 36, 38, 39, 40, 41, 42, 43, 44, 45, 48, 49, 50, 51, 52, 53, 56, 57, 58, 59, 60, 61, 64, 65, 66, 67, 70, 71, 72, 73, 74, 77, 78, 79, 80, 81, 82, 83, 84, 85, 86, 89, 90, 91, 93, 94, 95, 98, 99, 100, 103, 104, 105, 108, 109, 112, 113, 114, 115, 116, 117, 118, 119, 120, 121, 124, 125, 126, 127, 128, 129, 130, 131, 132, 133, 136, 137, 139, 140, 159, 160, 186, 187, 200, 201, 222, 223, 242, 243, 268, 269, 271, 349, 372, 390, 399, 412, 413, 415, 419, 479, 579, 612, 682, 706, 750], "summary": {"covered_lines": 114, "num_statements": 114, "percent_covered": 100.0, "percent_covered_display": "100", "missing_lines": 0, "excluded_lines": 0}, "missing_lines": [], "excluded_lines": []}}}, "src/llm_agents/financial_agent.py": {"executed_lines": [1, 14, 15, 16, 17, 18, 19, 20, 23, 24, 35, 36, 38, 53, 56, 57, 58, 59, 69, 72, 73, 77, 80, 87, 90, 92, 94, 100, 110, 125, 160, 175, 178, 179, 180, 183, 185, 188, 189, 192, 194, 195, 196, 197, 198, 199, 201, 217, 218, 220], "summary": {"covered_lines": 48, "num_statements": 50, "percent_covered": 96.0, "percent_covered_display": "96", "missing_lines": 2, "excluded_lines": 0}, "missing_lines": [74, 181], "excluded_lines": [], "functions": {"FinancialAnalyzerAgent.__init__": {"executed_lines": [36], "summary": {"covered_lines": 1, "num_statements": 1, "percent_covered": 100.0, "percent_covered_display": "100", "missing_lines": 0, "excluded_lines": 0}, "missing_lines": [], "excluded_lines": []}, "FinancialAnalyzerAgent.analyze": {"executed_lines": [53, 56, 57, 58, 59, 69, 72, 73, 77, 80, 87, 90, 92, 94, 100], "summary": {"covered_lines": 15, "num_statements": 16, "percent_covered": 93.75, "percent_covered_display": "94", "missing_lines": 1, "excluded_lines": 0}, "missing_lines": [74], "excluded_lines": []}, "FinancialAnalyzerAgent._build_financial_prompt": {"executed_lines": [125], "summary": {"covered_lines": 1, "num_statements": 1, "percent_covered": 100.0, "percent_covered_display": "100", "missing_lines": 0, "excluded_lines": 0}, "missing_lines": [], "excluded_lines": []}, "FinancialAnalyzerAgent._parse_financial_response": {"executed_lines": [175, 178, 179, 180, 183, 185, 188, 189, 192, 194, 195, 196, 197, 198, 199, 201, 217, 218, 220], "summary": {"covered_lines": 19, "num_statements": 20, "percent_covered": 95.0, "percent_covered_display": "95", "missing_lines": 1, "excluded_lines": 0}, "missing_lines": [181], "excluded_lines": []}, "": {"executed_lines": [1, 14, 15, 16, 17, 18, 19, 20, 23, 24, 35, 38, 110, 160], "summary": {"covered_lines": 12, "num_statements": 12, "percent_covered": 100.0, "percent_covered_display": "100", "missing_lines": 0, "excluded_lines": 0}, "missing_lines": [], "excluded_lines": []}}, "classes": {"FinancialAnalyzerAgent": {"executed_lines": [36, 53, 56, 57, 58, 59, 69, 72, 73, 77, 80, 87, 90, 92, 94, 100, 125, 175, 178, 179, 180, 183, 185, 188, 189, 192, 194, 195, 196, 197, 198, 199, 201, 217, 218, 220], "summary": {"covered_lines": 36, "num_statements": 38, "percent_covered": 94.73684210526316, "percent_covered_display": "95", "missing_lines": 2, "excluded_lines": 0}, "missing_lines": [74, 181], "excluded_lines": []}, "": {"executed_lines": [1, 14, 15, 16, 17, 18, 19, 20, 23, 24, 35, 38, 110, 160], "summary": {"covered_lines": 12, "num_statements": 12, "percent_covered": 100.0, "percent_covered_display": "100", "missing_lines": 0, "excluded_lines": 0}, "missing_lines": [], "excluded_lines": []}}}, "src/llm_agents/sentiment_agent.py": {"executed_lines": [1, 14, 15, 16, 17, 18, 19, 20, 23, 24, 34, 35, 37, 54, 57, 70, 73, 75, 76, 77, 80, 83, 90, 93, 95, 97, 103, 113, 129, 136, 163, 178, 180, 182, 185, 187, 189, 217, 227], "summary": {"covered_lines": 37, "num_statements": 45, "percent_covered": 82.22222222222223, "percent_covered_display": "82", "missing_lines": 8, "excluded_lines": 0}, "missing_lines": [58, 59, 60, 181, 183, 202, 203, 205], "excluded_lines": [], "functions": {"SentimentAnalyzerAgent.__init__": {"executed_lines": [35], "summary": {"covered_lines": 1, "num_statements": 1, "percent_covered": 100.0, "percent_covered_display": "100", "missing_lines": 0, "excluded_lines": 0}, "missing_lines": [], "excluded_lines": []}, "SentimentAnalyzerAgent.analyze": {"executed_lines": [54, 57, 70, 73, 75, 76, 77, 80, 83, 90, 93, 95, 97, 103], "summary": {"covered_lines": 14, "num_statements": 17, "percent_covered": 82.3529411764706, "percent_covered_display": "82", "missing_lines": 3, "excluded_lines": 0}, "missing_lines": [58, 59, 60], "excluded_lines": []}, "SentimentAnalyzerAgent._build_sentiment_prompt": {"executed_lines": [129, 136], "summary": {"covered_lines": 2, "num_statements": 2, "percent_covered": 100.0, "percent_covered_display": "100", "missing_lines": 0, "excluded_lines": 0}, "missing_lines": [], "excluded_lines": []}, "SentimentAnalyzerAgent._parse_sentiment_response": {"executed_lines": [178, 180, 182, 185, 187, 189], "summary": {"covered_lines": 6, "num_statements": 11, "percent_covered": 54.54545454545455, "percent_covered_display": "55", "missing_lines": 5, "excluded_lines": 0}, "missing_lines": [181, 183, 202, 203, 205], "excluded_lines": []}, "SentimentAnalyzerAgent._create_neutral_analysis": {"executed_lines": [227], "summary": {"covered_lines": 1, "num_statements": 1, "percent_covered": 100.0, "percent_covered_display": "100", "missing_lines": 0, "excluded_lines": 0}, "missing_lines": [], "excluded_lines": []}, "": {"executed_lines": [1, 14, 15, 16, 17, 18, 19, 20, 23, 24, 34, 37, 113, 163, 217], "summary": {"covered_lines": 13, "num_statements": 13, "percent_covered": 100.0, "percent_covered_display": "100", "missing_lines": 0, "excluded_lines": 0}, "missing_lines": [], "excluded_lines": []}}, "classes": {"SentimentAnalyzerAgent": {"executed_lines": [35, 54, 57, 70, 73, 75, 76, 77, 80, 83, 90, 93, 95, 97, 103, 129, 136, 178, 180, 182, 185, 187, 189, 227], "summary": {"covered_lines": 24, "num_statements": 32, "percent_covered": 75.0, "percent_covered_display": "75", "missing_lines": 8, "excluded_lines": 0}, "missing_lines": [58, 59, 60, 181, 183, 202, 203, 205], "excluded_lines": []}, "": {"executed_lines": [1, 14, 15, 16, 17, 18, 19, 20, 23, 24, 34, 37, 113, 163, 217], "summary": {"covered_lines": 13, "num_statements": 13, "percent_covered": 100.0, "percent_covered_display": "100", "missing_lines": 0, "excluded_lines": 0}, "missing_lines": [], "excluded_lines": []}}}, "src/main.py": {"executed_lines": [1, 13, 14, 15, 16, 17, 18, 19, 20, 22, 23, 24, 25, 26, 27, 28, 31, 32, 35, 44, 53, 58, 63, 70, 71, 74, 75, 77, 85, 86, 93, 95, 97, 98, 100, 108, 109, 119, 120, 137, 138, 139, 142, 149, 155, 158, 164, 169, 171, 172, 173, 176, 177, 215, 216, 230, 232, 233, 246, 248, 255, 260, 261, 262, 265, 266, 273, 274, 280, 281, 295, 296, 310, 311, 336, 337, 363, 364, 378, 379, 391, 392, 399], "summary": {"covered_lines": 82, "num_statements": 153, "percent_covered": 53.59477124183007, "percent_covered_display": "54", "missing_lines": 71, "excluded_lines": 0}, "missing_lines": [96, 116, 159, 160, 162, 191, 192, 194, 195, 196, 200, 203, 205, 206, 207, 209, 210, 212, 236, 249, 253, 275, 276, 277, 288, 289, 290, 291, 292, 303, 304, 305, 306, 307, 321, 322, 323, 324, 328, 329, 330, 331, 332, 333, 347, 348, 349, 350, 352, 356, 357, 358, 359, 360, 371, 372, 373, 374, 375, 381, 382, 383, 384, 385, 386, 387, 388, 394, 395, 396, 401], "excluded_lines": [], "functions": {"root": {"executed_lines": [77], "summary": {"covered_lines": 1, "num_statements": 1, "percent_covered": 100.0, "percent_covered_display": "100", "missing_lines": 0, "excluded_lines": 0}, "missing_lines": [], "excluded_lines": []}, "health_check": {"executed_lines": [93, 95, 97, 98, 100], "summary": {"covered_lines": 5, "num_statements": 6, "percent_covered": 83.33333333333333, "percent_covered_display": "83", "missing_lines": 1, "excluded_lines": 0}, "missing_lines": [96], "excluded_lines": []}, "metrics": {"executed_lines": [], "summary": {"covered_lines": 0, "num_statements": 1, "percent_covered": 0.0, "percent_covered_display": "0", "missing_lines": 1, "excluded_lines": 0}, "missing_lines": [116], "excluded_lines": []}, "generate_signal": {"executed_lines": [137, 138, 139, 142, 149, 155, 158, 164, 169, 171, 172, 173], "summary": {"covered_lines": 12, "num_statements": 15, "percent_covered": 80.0, "percent_covered_display": "80", "missing_lines": 3, "excluded_lines": 0}, "missing_lines": [159, 160, 162], "excluded_lines": []}, "generate_batch_signals": {"executed_lines": [], "summary": {"covered_lines": 0, "num_statements": 13, "percent_covered": 0.0, "percent_covered_display": "0", "missing_lines": 13, "excluded_lines": 0}, "missing_lines": [191, 192, 194, 195, 196, 200, 203, 205, 206, 207, 209, 210, 212], "excluded_lines": []}, "execute_trade": {"executed_lines": [230, 232, 233, 246, 248, 255, 260, 261, 262], "summary": {"covered_lines": 9, "num_statements": 12, "percent_covered": 75.0, "percent_covered_display": "75", "missing_lines": 3, "excluded_lines": 0}, "missing_lines": [236, 249, 253], "excluded_lines": []}, "get_portfolio": {"executed_lines": [273, 274], "summary": {"covered_lines": 2, "num_statements": 5, "percent_covered": 40.0, "percent_covered_display": "40", "missing_lines": 3, "excluded_lines": 0}, "missing_lines": [275, 276, 277], "excluded_lines": []}, "get_portfolio_summary": {"executed_lines": [], "summary": {"covered_lines": 0, "num_statements": 5, "percent_covered": 0.0, "percent_covered_display": "0", "missing_lines": 5, "excluded_lines": 0}, "missing_lines": [288, 289, 290, 291, 292], "excluded_lines": []}, "get_positions": {"executed_lines": [], "summary": {"covered_lines": 0, "num_statements": 5, "percent_covered": 0.0, "percent_covered_display": "0", "missing_lines": 5, "excluded_lines": 0}, "missing_lines": [303, 304, 305, 306, 307], "excluded_lines": []}, "get_position": {"executed_lines": [], "summary": {"covered_lines": 0, "num_statements": 10, "percent_covered": 0.0, "percent_covered_display": "0", "missing_lines": 10, "excluded_lines": 0}, "missing_lines": [321, 322, 323, 324, 328, 329, 330, 331, 332, 333], "excluded_lines": []}, "close_position": {"executed_lines": [], "summary": {"covered_lines": 0, "num_statements": 10, "percent_covered": 0.0, "percent_covered_display": "0", "missing_lines": 10, "excluded_lines": 0}, "missing_lines": [347, 348, 349, 350, 352, 356, 357, 358, 359, 360], "excluded_lines": []}, "get_account": {"executed_lines": [], "summary": {"covered_lines": 0, "num_statements": 5, "percent_covered": 0.0, "percent_covered_display": "0", "missing_lines": 5, "excluded_lines": 0}, "missing_lines": [371, 372, 373, 374, 375], "excluded_lines": []}, "startup_event": {"executed_lines": [], "summary": {"covered_lines": 0, "num_statements": 8, "percent_covered": 0.0, "percent_covered_display": "0", "missing_lines": 8, "excluded_lines": 0}, "missing_lines": [381, 382, 383, 384, 385, 386, 387, 388], "excluded_lines": []}, "shutdown_event": {"executed_lines": [], "summary": {"covered_lines": 0, "num_statements": 3, "percent_covered": 0.0, "percent_covered_display": "0", "missing_lines": 3, "excluded_lines": 0}, "missing_lines": [394, 395, 396], "excluded_lines": []}, "": {"executed_lines": [1, 13, 14, 15, 16, 17, 18, 19, 20, 22, 23, 24, 25, 26, 27, 28, 31, 32, 35, 44, 53, 58, 63, 70, 71, 74, 75, 85, 86, 108, 109, 119, 120, 176, 177, 215, 216, 265, 266, 280, 281, 295, 296, 310, 311, 336, 337, 363, 364, 378, 379, 391, 392, 399], "summary": {"covered_lines": 53, "num_statements": 54, "percent_covered": 98.14814814814815, "percent_covered_display": "98", "missing_lines": 1, "excluded_lines": 0}, "missing_lines": [401], "excluded_lines": []}}, "classes": {"": {"executed_lines": [1, 13, 14, 15, 16, 17, 18, 19, 20, 22, 23, 24, 25, 26, 27, 28, 31, 32, 35, 44, 53, 58, 63, 70, 71, 74, 75, 77, 85, 86, 93, 95, 97, 98, 100, 108, 109, 119, 120, 137, 138, 139, 142, 149, 155, 158, 164, 169, 171, 172, 173, 176, 177, 215, 216, 230, 232, 233, 246, 248, 255, 260, 261, 262, 265, 266, 273, 274, 280, 281, 295, 296, 310, 311, 336, 337, 363, 364, 378, 379, 391, 392, 399], "summary": {"covered_lines": 82, "num_statements": 153, "percent_covered": 53.59477124183007, "percent_covered_display": "54", "missing_lines": 71, "excluded_lines": 0}, "missing_lines": [96, 116, 159, 160, 162, 191, 192, 194, 195, 196, 200, 203, 205, 206, 207, 209, 210, 212, 236, 249, 253, 275, 276, 277, 288, 289, 290, 291, 292, 303, 304, 305, 306, 307, 321, 322, 323, 324, 328, 329, 330, 331, 332, 333, 347, 348, 349, 350, 352, 356, 357, 358, 359, 360, 371, 372, 373, 374, 375, 381, 382, 383, 384, 385, 386, 387, 388, 394, 395, 396, 401], "excluded_lines": []}}}, "src/trading_engine/__init__.py": {"executed_lines": [1, 3, 4, 6], "summary": {"covered_lines": 3, "num_statements": 3, "percent_covered": 100.0, "percent_covered_display": "100", "missing_lines": 0, "excluded_lines": 0}, "missing_lines": [], "excluded_lines": [], "functions": {"": {"executed_lines": [1, 3, 4, 6], "summary": {"covered_lines": 3, "num_statements": 3, "percent_covered": 100.0, "percent_covered_display": "100", "missing_lines": 0, "excluded_lines": 0}, "missing_lines": [], "excluded_lines": []}}, "classes": {"": {"executed_lines": [1, 3, 4, 6], "summary": {"covered_lines": 3, "num_statements": 3, "percent_covered": 100.0, "percent_covered_display": "100", "missing_lines": 0, "excluded_lines": 0}, "missing_lines": [], "excluded_lines": []}}}, "src/trading_engine/advanced_executor.py": {"executed_lines": [1, 12, 13, 14, 15, 16, 17, 24, 25, 26, 27, 30, 31, 42, 60, 61, 62, 63, 64, 67, 68, 69, 70, 73, 74, 76, 82, 99, 101, 107, 112, 113, 117, 118, 123, 126, 131, 139, 140, 144, 187, 271, 332, 373, 388, 389, 390, 391, 394, 400, 406, 417, 427, 435, 437, 447], "summary": {"covered_lines": 54, "num_statements": 127, "percent_covered": 42.51968503937008, "percent_covered_display": "43", "missing_lines": 73, "excluded_lines": 0}, "missing_lines": [108, 109, 114, 115, 119, 120, 147, 148, 155, 156, 164, 165, 168, 169, 171, 177, 178, 185, 198, 199, 200, 203, 206, 207, 208, 211, 214, 215, 217, 223, 224, 225, 226, 229, 235, 240, 241, 242, 251, 252, 253, 254, 256, 260, 262, 263, 269, 282, 283, 284, 285, 287, 290, 296, 301, 302, 303, 312, 313, 314, 315, 317, 321, 323, 324, 330, 354, 356, 363, 365, 366, 371, 428], "excluded_lines": [], "functions": {"AdvancedTradingExecutor.__init__": {"executed_lines": [60, 61, 62, 63, 64, 67, 68, 69, 70, 73, 74, 76], "summary": {"covered_lines": 12, "num_statements": 12, "percent_covered": 100.0, "percent_covered_display": "100", "missing_lines": 0, "excluded_lines": 0}, "missing_lines": [], "excluded_lines": []}, "AdvancedTradingExecutor.execute_signal": {"executed_lines": [99, 101, 107, 112, 113, 117, 118, 123, 126, 131, 139, 140, 144], "summary": {"covered_lines": 13, "num_statements": 31, "percent_covered": 41.935483870967744, "percent_covered_display": "42", "missing_lines": 18, "excluded_lines": 0}, "missing_lines": [108, 109, 114, 115, 119, 120, 147, 148, 155, 156, 164, 165, 168, 169, 171, 177, 178, 185], "excluded_lines": []}, "AdvancedTradingExecutor._execute_buy_advanced": {"executed_lines": [], "summary": {"covered_lines": 0, "num_statements": 29, "percent_covered": 0.0, "percent_covered_display": "0", "missing_lines": 29, "excluded_lines": 0}, "missing_lines": [198, 199, 200, 203, 206, 207, 208, 211, 214, 215, 217, 223, 224, 225, 226, 229, 235, 240, 241, 242, 251, 252, 253, 254, 256, 260, 262, 263, 269], "excluded_lines": []}, "AdvancedTradingExecutor._execute_sell_advanced": {"executed_lines": [], "summary": {"covered_lines": 0, "num_statements": 19, "percent_covered": 0.0, "percent_covered_display": "0", "missing_lines": 19, "excluded_lines": 0}, "missing_lines": [282, 283, 284, 285, 287, 290, 296, 301, 302, 303, 312, 313, 314, 315, 317, 321, 323, 324, 330], "excluded_lines": []}, "AdvancedTradingExecutor._execute_with_smart_routing": {"executed_lines": [], "summary": {"covered_lines": 0, "num_statements": 6, "percent_covered": 0.0, "percent_covered_display": "0", "missing_lines": 6, "excluded_lines": 0}, "missing_lines": [354, 356, 363, 365, 366, 371], "excluded_lines": []}, "AdvancedTradingExecutor._create_order_book_snapshot": {"executed_lines": [388, 389, 390, 391, 394, 400, 406], "summary": {"covered_lines": 7, "num_statements": 7, "percent_covered": 100.0, "percent_covered_display": "100", "missing_lines": 0, "excluded_lines": 0}, "missing_lines": [], "excluded_lines": []}, "AdvancedTradingExecutor.get_execution_metrics": {"executed_lines": [427, 435, 437], "summary": {"covered_lines": 3, "num_statements": 4, "percent_covered": 75.0, "percent_covered_display": "75", "missing_lines": 1, "excluded_lines": 0}, "missing_lines": [428], "excluded_lines": []}, "": {"executed_lines": [1, 12, 13, 14, 15, 16, 17, 24, 25, 26, 27, 30, 31, 42, 82, 187, 271, 332, 373, 417, 447], "summary": {"covered_lines": 19, "num_statements": 19, "percent_covered": 100.0, "percent_covered_display": "100", "missing_lines": 0, "excluded_lines": 0}, "missing_lines": [], "excluded_lines": []}}, "classes": {"AdvancedTradingExecutor": {"executed_lines": [60, 61, 62, 63, 64, 67, 68, 69, 70, 73, 74, 76, 99, 101, 107, 112, 113, 117, 118, 123, 126, 131, 139, 140, 144, 388, 389, 390, 391, 394, 400, 406, 427, 435, 437], "summary": {"covered_lines": 35, "num_statements": 108, "percent_covered": 32.407407407407405, "percent_covered_display": "32", "missing_lines": 73, "excluded_lines": 0}, "missing_lines": [108, 109, 114, 115, 119, 120, 147, 148, 155, 156, 164, 165, 168, 169, 171, 177, 178, 185, 198, 199, 200, 203, 206, 207, 208, 211, 214, 215, 217, 223, 224, 225, 226, 229, 235, 240, 241, 242, 251, 252, 253, 254, 256, 260, 262, 263, 269, 282, 283, 284, 285, 287, 290, 296, 301, 302, 303, 312, 313, 314, 315, 317, 321, 323, 324, 330, 354, 356, 363, 365, 366, 371, 428], "excluded_lines": []}, "": {"executed_lines": [1, 12, 13, 14, 15, 16, 17, 24, 25, 26, 27, 30, 31, 42, 82, 187, 271, 332, 373, 417, 447], "summary": {"covered_lines": 19, "num_statements": 19, "percent_covered": 100.0, "percent_covered_display": "100", "missing_lines": 0, "excluded_lines": 0}, "missing_lines": [], "excluded_lines": []}}}, "src/trading_engine/broker.py": {"executed_lines": [1, 8, 9, 10, 11, 12, 13, 14, 15, 16, 19, 20, 27, 29, 35, 38, 40, 47, 48, 59, 60, 61, 63, 88, 112, 160, 210, 228, 246, 272, 291, 332], "summary": {"covered_lines": 30, "num_statements": 102, "percent_covered": 29.41176470588235, "percent_covered_display": "29", "missing_lines": 72, "excluded_lines": 0}, "missing_lines": [36, 49, 70, 71, 72, 84, 85, 86, 98, 99, 100, 109, 110, 129, 130, 132, 139, 141, 146, 156, 157, 158, 179, 180, 182, 190, 192, 197, 206, 207, 208, 220, 221, 222, 223, 224, 225, 226, 238, 239, 240, 241, 242, 243, 244, 253, 254, 255, 258, 259, 261, 268, 269, 270, 282, 289, 303, 304, 307, 308, 311, 314, 315, 316, 319, 320, 321, 322, 324, 326, 327, 328], "excluded_lines": [], "functions": {"AlpacaBroker.__init__": {"executed_lines": [29, 35, 38], "summary": {"covered_lines": 3, "num_statements": 4, "percent_covered": 75.0, "percent_covered_display": "75", "missing_lines": 1, "excluded_lines": 0}, "missing_lines": [36], "excluded_lines": []}, "AlpacaBroker.get_account": {"executed_lines": [47, 48, 59, 60, 61], "summary": {"covered_lines": 5, "num_statements": 6, "percent_covered": 83.33333333333333, "percent_covered_display": "83", "missing_lines": 1, "excluded_lines": 0}, "missing_lines": [49], "excluded_lines": []}, "AlpacaBroker.get_positions": {"executed_lines": [], "summary": {"covered_lines": 0, "num_statements": 6, "percent_covered": 0.0, "percent_covered_display": "0", "missing_lines": 6, "excluded_lines": 0}, "missing_lines": [70, 71, 72, 84, 85, 86], "excluded_lines": []}, "AlpacaBroker.get_position": {"executed_lines": [], "summary": {"covered_lines": 0, "num_statements": 5, "percent_covered": 0.0, "percent_covered_display": "0", "missing_lines": 5, "excluded_lines": 0}, "missing_lines": [98, 99, 100, 109, 110], "excluded_lines": []}, "AlpacaBroker.place_market_order": {"executed_lines": [], "summary": {"covered_lines": 0, "num_statements": 9, "percent_covered": 0.0, "percent_covered_display": "0", "missing_lines": 9, "excluded_lines": 0}, "missing_lines": [129, 130, 132, 139, 141, 146, 156, 157, 158], "excluded_lines": []}, "AlpacaBroker.place_limit_order": {"executed_lines": [], "summary": {"covered_lines": 0, "num_statements": 9, "percent_covered": 0.0, "percent_covered_display": "0", "missing_lines": 9, "excluded_lines": 0}, "missing_lines": [179, 180, 182, 190, 192, 197, 206, 207, 208], "excluded_lines": []}, "AlpacaBroker.cancel_order": {"executed_lines": [], "summary": {"covered_lines": 0, "num_statements": 7, "percent_covered": 0.0, "percent_covered_display": "0", "missing_lines": 7, "excluded_lines": 0}, "missing_lines": [220, 221, 222, 223, 224, 225, 226], "excluded_lines": []}, "AlpacaBroker.close_position": {"executed_lines": [], "summary": {"covered_lines": 0, "num_statements": 7, "percent_covered": 0.0, "percent_covered_display": "0", "missing_lines": 7, "excluded_lines": 0}, "missing_lines": [238, 239, 240, 241, 242, 243, 244], "excluded_lines": []}, "AlpacaBroker.get_portfolio_state": {"executed_lines": [], "summary": {"covered_lines": 0, "num_statements": 9, "percent_covered": 0.0, "percent_covered_display": "0", "missing_lines": 9, "excluded_lines": 0}, "missing_lines": [253, 254, 255, 258, 259, 261, 268, 269, 270], "excluded_lines": []}, "AlpacaBroker._map_order_status": {"executed_lines": [], "summary": {"covered_lines": 0, "num_statements": 2, "percent_covered": 0.0, "percent_covered_display": "0", "missing_lines": 2, "excluded_lines": 0}, "missing_lines": [282, 289], "excluded_lines": []}, "AlpacaBroker.can_trade": {"executed_lines": [], "summary": {"covered_lines": 0, "num_statements": 16, "percent_covered": 0.0, "percent_covered_display": "0", "missing_lines": 16, "excluded_lines": 0}, "missing_lines": [303, 304, 307, 308, 311, 314, 315, 316, 319, 320, 321, 322, 324, 326, 327, 328], "excluded_lines": []}, "": {"executed_lines": [1, 8, 9, 10, 11, 12, 13, 14, 15, 16, 19, 20, 27, 40, 63, 88, 112, 160, 210, 228, 246, 272, 291, 332], "summary": {"covered_lines": 22, "num_statements": 22, "percent_covered": 100.0, "percent_covered_display": "100", "missing_lines": 0, "excluded_lines": 0}, "missing_lines": [], "excluded_lines": []}}, "classes": {"AlpacaBroker": {"executed_lines": [29, 35, 38, 47, 48, 59, 60, 61], "summary": {"covered_lines": 8, "num_statements": 80, "percent_covered": 10.0, "percent_covered_display": "10", "missing_lines": 72, "excluded_lines": 0}, "missing_lines": [36, 49, 70, 71, 72, 84, 85, 86, 98, 99, 100, 109, 110, 129, 130, 132, 139, 141, 146, 156, 157, 158, 179, 180, 182, 190, 192, 197, 206, 207, 208, 220, 221, 222, 223, 224, 225, 226, 238, 239, 240, 241, 242, 243, 244, 253, 254, 255, 258, 259, 261, 268, 269, 270, 282, 289, 303, 304, 307, 308, 311, 314, 315, 316, 319, 320, 321, 322, 324, 326, 327, 328], "excluded_lines": []}, "": {"executed_lines": [1, 8, 9, 10, 11, 12, 13, 14, 15, 16, 19, 20, 27, 40, 63, 88, 112, 160, 210, 228, 246, 272, 291, 332], "summary": {"covered_lines": 22, "num_statements": 22, "percent_covered": 100.0, "percent_covered_display": "100", "missing_lines": 0, "excluded_lines": 0}, "missing_lines": [], "excluded_lines": []}}}, "src/trading_engine/enhanced_executor.py": {"executed_lines": [1, 12, 13, 14, 15, 17, 20, 21, 29, 30, 31, 32, 35, 36, 47, 61, 277, 398, 501, 517], "summary": {"covered_lines": 18, "num_statements": 192, "percent_covered": 9.375, "percent_covered_display": "9", "missing_lines": 174, "excluded_lines": 0}, "missing_lines": [48, 49, 50, 53, 54, 57, 59, 78, 79, 85, 86, 89, 90, 93, 94, 98, 101, 102, 103, 104, 106, 107, 108, 109, 112, 122, 123, 127, 130, 131, 132, 135, 144, 151, 152, 156, 159, 165, 166, 170, 172, 173, 174, 175, 178, 185, 194, 201, 202, 203, 211, 223, 229, 230, 231, 233, 234, 235, 238, 245, 259, 260, 263, 265, 271, 273, 274, 275, 292, 294, 295, 297, 298, 299, 301, 302, 305, 306, 307, 308, 310, 311, 321, 329, 339, 351, 357, 358, 359, 361, 364, 365, 366, 367, 368, 371, 372, 374, 377, 380, 381, 382, 383, 385, 390, 392, 394, 395, 396, 413, 416, 417, 419, 420, 421, 424, 435, 436, 439, 442, 443, 444, 445, 446, 447, 448, 451, 452, 453, 454, 455, 456, 457, 460, 461, 462, 463, 464, 465, 466, 469, 470, 471, 472, 473, 474, 475, 476, 479, 482, 483, 486, 487, 489, 495, 497, 498, 499, 503, 504, 506, 507, 510, 515, 519, 520, 528, 529, 530, 532, 533, 534, 535, 537], "excluded_lines": [], "functions": {"EnhancedTradingExecutor.__init__": {"executed_lines": [], "summary": {"covered_lines": 0, "num_statements": 7, "percent_covered": 0.0, "percent_covered_display": "0", "missing_lines": 7, "excluded_lines": 0}, "missing_lines": [48, 49, 50, 53, 54, 57, 59], "excluded_lines": []}, "EnhancedTradingExecutor.execute_signal": {"executed_lines": [], "summary": {"covered_lines": 0, "num_statements": 61, "percent_covered": 0.0, "percent_covered_display": "0", "missing_lines": 61, "excluded_lines": 0}, "missing_lines": [78, 79, 85, 86, 89, 90, 93, 94, 98, 101, 102, 103, 104, 106, 107, 108, 109, 112, 122, 123, 127, 130, 131, 132, 135, 144, 151, 152, 156, 159, 165, 166, 170, 172, 173, 174, 175, 178, 185, 194, 201, 202, 203, 211, 223, 229, 230, 231, 233, 234, 235, 238, 245, 259, 260, 263, 265, 271, 273, 274, 275], "excluded_lines": []}, "EnhancedTradingExecutor.close_position": {"executed_lines": [], "summary": {"covered_lines": 0, "num_statements": 41, "percent_covered": 0.0, "percent_covered_display": "0", "missing_lines": 41, "excluded_lines": 0}, "missing_lines": [292, 294, 295, 297, 298, 299, 301, 302, 305, 306, 307, 308, 310, 311, 321, 329, 339, 351, 357, 358, 359, 361, 364, 365, 366, 367, 368, 371, 372, 374, 377, 380, 381, 382, 383, 385, 390, 392, 394, 395, 396], "excluded_lines": []}, "EnhancedTradingExecutor._enrich_signal_with_features": {"executed_lines": [], "summary": {"covered_lines": 0, "num_statements": 49, "percent_covered": 0.0, "percent_covered_display": "0", "missing_lines": 49, "excluded_lines": 0}, "missing_lines": [413, 416, 417, 419, 420, 421, 424, 435, 436, 439, 442, 443, 444, 445, 446, 447, 448, 451, 452, 453, 454, 455, 456, 457, 460, 461, 462, 463, 464, 465, 466, 469, 470, 471, 472, 473, 474, 475, 476, 479, 482, 483, 486, 487, 489, 495, 497, 498, 499], "excluded_lines": []}, "EnhancedTradingExecutor._validate_signal": {"executed_lines": [], "summary": {"covered_lines": 0, "num_statements": 6, "percent_covered": 0.0, "percent_covered_display": "0", "missing_lines": 6, "excluded_lines": 0}, "missing_lines": [503, 504, 506, 507, 510, 515], "excluded_lines": []}, "EnhancedTradingExecutor.get_performance_summary": {"executed_lines": [], "summary": {"covered_lines": 0, "num_statements": 10, "percent_covered": 0.0, "percent_covered_display": "0", "missing_lines": 10, "excluded_lines": 0}, "missing_lines": [519, 520, 528, 529, 530, 532, 533, 534, 535, 537], "excluded_lines": []}, "": {"executed_lines": [1, 12, 13, 14, 15, 17, 20, 21, 29, 30, 31, 32, 35, 36, 47, 61, 277, 398, 501, 517], "summary": {"covered_lines": 18, "num_statements": 18, "percent_covered": 100.0, "percent_covered_display": "100", "missing_lines": 0, "excluded_lines": 0}, "missing_lines": [], "excluded_lines": []}}, "classes": {"EnhancedTradingExecutor": {"executed_lines": [], "summary": {"covered_lines": 0, "num_statements": 174, "percent_covered": 0.0, "percent_covered_display": "0", "missing_lines": 174, "excluded_lines": 0}, "missing_lines": [48, 49, 50, 53, 54, 57, 59, 78, 79, 85, 86, 89, 90, 93, 94, 98, 101, 102, 103, 104, 106, 107, 108, 109, 112, 122, 123, 127, 130, 131, 132, 135, 144, 151, 152, 156, 159, 165, 166, 170, 172, 173, 174, 175, 178, 185, 194, 201, 202, 203, 211, 223, 229, 230, 231, 233, 234, 235, 238, 245, 259, 260, 263, 265, 271, 273, 274, 275, 292, 294, 295, 297, 298, 299, 301, 302, 305, 306, 307, 308, 310, 311, 321, 329, 339, 351, 357, 358, 359, 361, 364, 365, 366, 367, 368, 371, 372, 374, 377, 380, 381, 382, 383, 385, 390, 392, 394, 395, 396, 413, 416, 417, 419, 420, 421, 424, 435, 436, 439, 442, 443, 444, 445, 446, 447, 448, 451, 452, 453, 454, 455, 456, 457, 460, 461, 462, 463, 464, 465, 466, 469, 470, 471, 472, 473, 474, 475, 476, 479, 482, 483, 486, 487, 489, 495, 497, 498, 499, 503, 504, 506, 507, 510, 515, 519, 520, 528, 529, 530, 532, 533, 534, 535, 537], "excluded_lines": []}, "": {"executed_lines": [1, 12, 13, 14, 15, 17, 20, 21, 29, 30, 31, 32, 35, 36, 47, 61, 277, 398, 501, 517], "summary": {"covered_lines": 18, "num_statements": 18, "percent_covered": 100.0, "percent_covered_display": "100", "missing_lines": 0, "excluded_lines": 0}, "missing_lines": [], "excluded_lines": []}}}, "src/trading_engine/executor.py": {"executed_lines": [1, 17, 18, 19, 20, 21, 22, 23, 24, 27, 28, 34, 48, 49, 50, 52, 59, 74, 80, 81, 82, 85, 86, 87, 88, 90, 92, 93, 97, 102, 103, 104, 105, 107, 108, 110, 128, 129, 130, 133, 136, 137, 138, 142, 145, 146, 147, 148, 149, 150, 156, 163, 164, 165, 168, 171, 172, 177, 182, 184, 187, 189, 207, 208, 209, 210, 212, 215, 216, 221, 226, 228, 231, 233, 257, 282], "summary": {"covered_lines": 74, "num_statements": 94, "percent_covered": 78.72340425531915, "percent_covered_display": "79", "missing_lines": 20, "excluded_lines": 0}, "missing_lines": [94, 95, 98, 99, 173, 174, 185, 217, 218, 229, 247, 248, 253, 254, 255, 264, 265, 266, 268, 272], "excluded_lines": [], "functions": {"TradingExecutor.__init__": {"executed_lines": [48, 49, 50, 52], "summary": {"covered_lines": 4, "num_statements": 4, "percent_covered": 100.0, "percent_covered_display": "100", "missing_lines": 0, "excluded_lines": 0}, "missing_lines": [], "excluded_lines": []}, "TradingExecutor.execute_signal": {"executed_lines": [74, 80, 81, 82, 85, 86, 87, 88, 90, 92, 93, 97, 102, 103, 104, 105, 107, 108], "summary": {"covered_lines": 18, "num_statements": 22, "percent_covered": 81.81818181818181, "percent_covered_display": "82", "missing_lines": 4, "excluded_lines": 0}, "missing_lines": [94, 95, 98, 99], "excluded_lines": []}, "TradingExecutor._execute_buy": {"executed_lines": [128, 129, 130, 133, 136, 137, 138, 142, 145, 146, 147, 148, 149, 150, 156, 163, 164, 165, 168, 171, 172, 177, 182, 184, 187], "summary": {"covered_lines": 25, "num_statements": 28, "percent_covered": 89.28571428571429, "percent_covered_display": "89", "missing_lines": 3, "excluded_lines": 0}, "missing_lines": [173, 174, 185], "excluded_lines": []}, "TradingExecutor._execute_sell": {"executed_lines": [207, 208, 209, 210, 212, 215, 216, 221, 226, 228, 231], "summary": {"covered_lines": 11, "num_statements": 14, "percent_covered": 78.57142857142857, "percent_covered_display": "79", "missing_lines": 3, "excluded_lines": 0}, "missing_lines": [217, 218, 229], "excluded_lines": []}, "TradingExecutor._log_trade_to_mlflow": {"executed_lines": [], "summary": {"covered_lines": 0, "num_statements": 5, "percent_covered": 0.0, "percent_covered_display": "0", "missing_lines": 5, "excluded_lines": 0}, "missing_lines": [247, 248, 253, 254, 255], "excluded_lines": []}, "TradingExecutor.get_portfolio_summary": {"executed_lines": [], "summary": {"covered_lines": 0, "num_statements": 5, "percent_covered": 0.0, "percent_covered_display": "0", "missing_lines": 5, "excluded_lines": 0}, "missing_lines": [264, 265, 266, 268, 272], "excluded_lines": []}, "": {"executed_lines": [1, 17, 18, 19, 20, 21, 22, 23, 24, 27, 28, 34, 59, 110, 189, 233, 257, 282], "summary": {"covered_lines": 16, "num_statements": 16, "percent_covered": 100.0, "percent_covered_display": "100", "missing_lines": 0, "excluded_lines": 0}, "missing_lines": [], "excluded_lines": []}}, "classes": {"TradingExecutor": {"executed_lines": [48, 49, 50, 52, 74, 80, 81, 82, 85, 86, 87, 88, 90, 92, 93, 97, 102, 103, 104, 105, 107, 108, 128, 129, 130, 133, 136, 137, 138, 142, 145, 146, 147, 148, 149, 150, 156, 163, 164, 165, 168, 171, 172, 177, 182, 184, 187, 207, 208, 209, 210, 212, 215, 216, 221, 226, 228, 231], "summary": {"covered_lines": 58, "num_statements": 78, "percent_covered": 74.35897435897436, "percent_covered_display": "74", "missing_lines": 20, "excluded_lines": 0}, "missing_lines": [94, 95, 98, 99, 173, 174, 185, 217, 218, 229, 247, 248, 253, 254, 255, 264, 265, 266, 268, 272], "excluded_lines": []}, "": {"executed_lines": [1, 17, 18, 19, 20, 21, 22, 23, 24, 27, 28, 34, 59, 110, 189, 233, 257, 282], "summary": {"covered_lines": 16, "num_statements": 16, "percent_covered": 100.0, "percent_covered_display": "100", "missing_lines": 0, "excluded_lines": 0}, "missing_lines": [], "excluded_lines": []}}}, "src/trading_engine/hft_techniques.py": {"executed_lines": [1, 18, 19, 20, 21, 22, 23, 26, 27, 28, 33, 34, 35, 36, 37, 38, 39, 40, 42, 43, 45, 47, 48, 50, 51, 53, 54, 63, 64, 65, 67, 70, 72, 73, 82, 85, 91, 92, 102, 103, 104, 106, 123, 126, 127, 130, 132, 134, 152, 156, 159, 161, 163, 177, 179, 192, 195, 196, 205, 206, 208, 224, 225, 227, 228, 229, 231, 232, 234, 235, 237, 239, 253, 255, 256, 257, 258, 260, 262, 276, 279, 281, 293, 297, 300, 303, 304, 307, 310, 313, 315, 318, 319, 329, 345, 346, 348, 349, 351, 352, 354, 356, 369, 372, 374, 393, 395, 396, 398, 399, 402, 407, 425, 428, 433, 436, 437, 453, 454, 470, 476, 485, 486, 501, 504, 505, 509], "summary": {"covered_lines": 121, "num_statements": 132, "percent_covered": 91.66666666666667, "percent_covered_display": "92", "missing_lines": 11, "excluded_lines": 0}, "missing_lines": [68, 83, 277, 294, 301, 311, 370, 400, 405, 426, 502], "excluded_lines": [], "functions": {"OrderBookSnapshot.spread": {"executed_lines": [45], "summary": {"covered_lines": 1, "num_statements": 1, "percent_covered": 100.0, "percent_covered_display": "100", "missing_lines": 0, "excluded_lines": 0}, "missing_lines": [], "excluded_lines": []}, "OrderBookSnapshot.spread_bps": {"executed_lines": [50, 51], "summary": {"covered_lines": 2, "num_statements": 2, "percent_covered": 100.0, "percent_covered_display": "100", "missing_lines": 0, "excluded_lines": 0}, "missing_lines": [], "excluded_lines": []}, "OrderBookSnapshot.order_imbalance": {"executed_lines": [63, 64, 65, 67, 70], "summary": {"covered_lines": 5, "num_statements": 6, "percent_covered": 83.33333333333333, "percent_covered_display": "83", "missing_lines": 1, "excluded_lines": 0}, "missing_lines": [68], "excluded_lines": []}, "OrderBookSnapshot.microprice": {"executed_lines": [82, 85], "summary": {"covered_lines": 2, "num_statements": 3, "percent_covered": 66.66666666666667, "percent_covered_display": "67", "missing_lines": 1, "excluded_lines": 0}, "missing_lines": [83], "excluded_lines": []}, "MarketMicrostructure.__init__": {"executed_lines": [103, 104], "summary": {"covered_lines": 2, "num_statements": 2, "percent_covered": 100.0, "percent_covered_display": "100", "missing_lines": 0, "excluded_lines": 0}, "missing_lines": [], "excluded_lines": []}, "MarketMicrostructure.calculate_liquidity_score": {"executed_lines": [123, 126, 127, 130, 132], "summary": {"covered_lines": 5, "num_statements": 5, "percent_covered": 100.0, "percent_covered_display": "100", "missing_lines": 0, "excluded_lines": 0}, "missing_lines": [], "excluded_lines": []}, "MarketMicrostructure.estimate_price_impact": {"executed_lines": [152, 156, 159, 161], "summary": {"covered_lines": 4, "num_statements": 4, "percent_covered": 100.0, "percent_covered_display": "100", "missing_lines": 0, "excluded_lines": 0}, "missing_lines": [], "excluded_lines": []}, "MarketMicrostructure.detect_quote_stuffing": {"executed_lines": [177], "summary": {"covered_lines": 1, "num_statements": 1, "percent_covered": 100.0, "percent_covered_display": "100", "missing_lines": 0, "excluded_lines": 0}, "missing_lines": [], "excluded_lines": []}, "MarketMicrostructure.calculate_effective_spread": {"executed_lines": [192], "summary": {"covered_lines": 1, "num_statements": 1, "percent_covered": 100.0, "percent_covered_display": "100", "missing_lines": 0, "excluded_lines": 0}, "missing_lines": [], "excluded_lines": []}, "StatisticalArbitrage.__init__": {"executed_lines": [206], "summary": {"covered_lines": 1, "num_statements": 1, "percent_covered": 100.0, "percent_covered_display": "100", "missing_lines": 0, "excluded_lines": 0}, "missing_lines": [], "excluded_lines": []}, "StatisticalArbitrage.calculate_zscore": {"executed_lines": [224, 225, 227, 228, 229, 231, 232, 234, 235, 237], "summary": {"covered_lines": 10, "num_statements": 10, "percent_covered": 100.0, "percent_covered_display": "100", "missing_lines": 0, "excluded_lines": 0}, "missing_lines": [], "excluded_lines": []}, "StatisticalArbitrage.detect_mean_reversion_signal": {"executed_lines": [253, 255, 256, 257, 258, 260], "summary": {"covered_lines": 6, "num_statements": 6, "percent_covered": 100.0, "percent_covered_display": "100", "missing_lines": 0, "excluded_lines": 0}, "missing_lines": [], "excluded_lines": []}, "StatisticalArbitrage.calculate_correlation": {"executed_lines": [276, 279], "summary": {"covered_lines": 2, "num_statements": 3, "percent_covered": 66.66666666666667, "percent_covered_display": "67", "missing_lines": 1, "excluded_lines": 0}, "missing_lines": [277], "excluded_lines": []}, "StatisticalArbitrage.calculate_half_life": {"executed_lines": [293, 297, 300, 303, 304, 307, 310, 313, 315], "summary": {"covered_lines": 9, "num_statements": 12, "percent_covered": 75.0, "percent_covered_display": "75", "missing_lines": 3, "excluded_lines": 0}, "missing_lines": [294, 301, 311], "excluded_lines": []}, "SmartOrderRouting.calculate_vwap": {"executed_lines": [345, 346, 348, 349, 351, 352, 354], "summary": {"covered_lines": 7, "num_statements": 7, "percent_covered": 100.0, "percent_covered_display": "100", "missing_lines": 0, "excluded_lines": 0}, "missing_lines": [], "excluded_lines": []}, "SmartOrderRouting.calculate_twap": {"executed_lines": [369, 372], "summary": {"covered_lines": 2, "num_statements": 3, "percent_covered": 66.66666666666667, "percent_covered_display": "67", "missing_lines": 1, "excluded_lines": 0}, "missing_lines": [370], "excluded_lines": []}, "SmartOrderRouting.split_order": {"executed_lines": [393, 395, 396, 398, 399, 402], "summary": {"covered_lines": 6, "num_statements": 8, "percent_covered": 75.0, "percent_covered_display": "75", "missing_lines": 2, "excluded_lines": 0}, "missing_lines": [400, 405], "excluded_lines": []}, "SmartOrderRouting.calculate_implementation_shortfall": {"executed_lines": [425, 428, 433], "summary": {"covered_lines": 3, "num_statements": 4, "percent_covered": 75.0, "percent_covered_display": "75", "missing_lines": 1, "excluded_lines": 0}, "missing_lines": [426], "excluded_lines": []}, "LatencyOptimization.estimate_latency_budget": {"executed_lines": [470, 476], "summary": {"covered_lines": 2, "num_statements": 2, "percent_covered": 100.0, "percent_covered_display": "100", "missing_lines": 0, "excluded_lines": 0}, "missing_lines": [], "excluded_lines": []}, "LatencyOptimization.optimize_cache_hit_rate": {"executed_lines": [501, 504, 505], "summary": {"covered_lines": 3, "num_statements": 4, "percent_covered": 75.0, "percent_covered_display": "75", "missing_lines": 1, "excluded_lines": 0}, "missing_lines": [502], "excluded_lines": []}, "": {"executed_lines": [1, 18, 19, 20, 21, 22, 23, 26, 27, 28, 33, 34, 35, 36, 37, 38, 39, 40, 42, 43, 47, 48, 53, 54, 72, 73, 91, 92, 102, 106, 134, 163, 179, 195, 196, 205, 208, 239, 262, 281, 318, 319, 329, 356, 374, 407, 436, 437, 453, 454, 485, 486, 509], "summary": {"covered_lines": 47, "num_statements": 47, "percent_covered": 100.0, "percent_covered_display": "100", "missing_lines": 0, "excluded_lines": 0}, "missing_lines": [], "excluded_lines": []}}, "classes": {"OrderBookSnapshot": {"executed_lines": [45, 50, 51, 63, 64, 65, 67, 70, 82, 85], "summary": {"covered_lines": 10, "num_statements": 12, "percent_covered": 83.33333333333333, "percent_covered_display": "83", "missing_lines": 2, "excluded_lines": 0}, "missing_lines": [68, 83], "excluded_lines": []}, "MarketMicrostructure": {"executed_lines": [103, 104, 123, 126, 127, 130, 132, 152, 156, 159, 161, 177, 192], "summary": {"covered_lines": 13, "num_statements": 13, "percent_covered": 100.0, "percent_covered_display": "100", "missing_lines": 0, "excluded_lines": 0}, "missing_lines": [], "excluded_lines": []}, "StatisticalArbitrage": {"executed_lines": [206, 224, 225, 227, 228, 229, 231, 232, 234, 235, 237, 253, 255, 256, 257, 258, 260, 276, 279, 293, 297, 300, 303, 304, 307, 310, 313, 315], "summary": {"covered_lines": 28, "num_statements": 32, "percent_covered": 87.5, "percent_covered_display": "88", "missing_lines": 4, "excluded_lines": 0}, "missing_lines": [277, 294, 301, 311], "excluded_lines": []}, "SmartOrderRouting": {"executed_lines": [345, 346, 348, 349, 351, 352, 354, 369, 372, 393, 395, 396, 398, 399, 402, 425, 428, 433], "summary": {"covered_lines": 18, "num_statements": 22, "percent_covered": 81.81818181818181, "percent_covered_display": "82", "missing_lines": 4, "excluded_lines": 0}, "missing_lines": [370, 400, 405, 426], "excluded_lines": []}, "LatencyOptimization": {"executed_lines": [470, 476, 501, 504, 505], "summary": {"covered_lines": 5, "num_statements": 6, "percent_covered": 83.33333333333333, "percent_covered_display": "83", "missing_lines": 1, "excluded_lines": 0}, "missing_lines": [502], "excluded_lines": []}, "": {"executed_lines": [1, 18, 19, 20, 21, 22, 23, 26, 27, 28, 33, 34, 35, 36, 37, 38, 39, 40, 42, 43, 47, 48, 53, 54, 72, 73, 91, 92, 102, 106, 134, 163, 179, 195, 196, 205, 208, 239, 262, 281, 318, 319, 329, 356, 374, 407, 436, 437, 453, 454, 485, 486, 509], "summary": {"covered_lines": 47, "num_statements": 47, "percent_covered": 100.0, "percent_covered_display": "100", "missing_lines": 0, "excluded_lines": 0}, "missing_lines": [], "excluded_lines": []}}}, "src/trading_engine/position_sizing.py": {"executed_lines": [1, 14, 15, 16, 17, 18, 19, 21, 24, 25, 26, 27, 28, 29, 30, 33, 34, 35, 36, 37, 38, 39, 40, 41, 42, 45, 46, 47, 48, 49, 50, 51, 52, 53, 54, 55, 56, 57, 58, 59, 62, 63, 64, 65, 66, 67, 68, 69, 70, 71, 74, 75, 77, 78, 79, 80, 82, 84, 85, 87, 90, 91, 92, 95, 98, 100, 111, 112, 115, 116, 121, 122, 124, 125, 126, 127, 128, 129, 132, 133, 134, 136, 137, 140, 141, 143, 145, 156, 157, 159, 169, 170, 231, 247, 270, 272, 288, 289, 300, 308, 309, 310, 311, 312, 314, 315, 317, 324, 348, 351, 352, 355, 358, 361, 364, 365, 368, 369, 372, 373, 376, 377, 380, 383, 386, 389, 391, 394, 401, 407, 412, 422, 429, 432, 438, 439, 441, 446, 449, 454, 461, 463, 469, 472, 473, 488, 493, 494, 524, 528, 530, 531, 537, 544, 546, 548, 549, 550, 553, 555, 567, 569, 571, 577, 583, 589, 592, 593, 595, 597, 604, 607, 609, 611, 612, 615, 619, 622, 626], "summary": {"covered_lines": 171, "num_statements": 271, "percent_covered": 63.09963099630996, "percent_covered_display": "63", "missing_lines": 100, "excluded_lines": 0}, "missing_lines": [96, 101, 118, 172, 173, 174, 176, 179, 180, 182, 183, 186, 187, 188, 191, 192, 195, 196, 197, 200, 201, 202, 204, 205, 206, 207, 209, 210, 211, 213, 214, 216, 233, 234, 236, 237, 239, 240, 243, 245, 249, 250, 252, 255, 257, 258, 260, 262, 263, 266, 268, 430, 435, 443, 447, 451, 458, 470, 475, 477, 478, 479, 480, 481, 482, 483, 484, 486, 496, 499, 500, 501, 502, 505, 506, 507, 508, 511, 512, 513, 514, 517, 518, 519, 520, 522, 529, 532, 533, 535, 547, 551, 572, 578, 584, 590, 608, 610, 616, 620], "excluded_lines": [], "functions": {"DrawdownAnalyzer.__init__": {"executed_lines": [78, 79, 80], "summary": {"covered_lines": 3, "num_statements": 3, "percent_covered": 100.0, "percent_covered_display": "100", "missing_lines": 0, "excluded_lines": 0}, "missing_lines": [], "excluded_lines": []}, "DrawdownAnalyzer.update_equity": {"executed_lines": [84, 85, 87, 90, 91, 92, 95], "summary": {"covered_lines": 7, "num_statements": 8, "percent_covered": 87.5, "percent_covered_display": "88", "missing_lines": 1, "excluded_line
[...]
6, 365, 366, 375, 380, 381, 382, 384, 450, 520, 541, 569, 599, 627, 648, 668, 669], "summary": {"covered_lines": 86, "num_statements": 256, "percent_covered": 33.59375, "percent_covered_display": "34", "missing_lines": 170, "excluded_lines": 0}, "missing_lines": [131, 132, 133, 135, 138, 139, 140, 141, 142, 144, 147, 148, 150, 151, 152, 153, 154, 157, 161, 193, 198, 201, 204, 205, 206, 207, 208, 211, 212, 214, 216, 224, 250, 255, 258, 261, 262, 263, 265, 267, 268, 269, 270, 272, 273, 274, 276, 278, 279, 280, 281, 283, 284, 285, 288, 289, 290, 291, 292, 293, 294, 295, 297, 298, 299, 302, 303, 304, 305, 306, 307, 308, 309, 312, 313, 316, 317, 318, 319, 320, 321, 322, 323, 324, 326, 328, 353, 357, 402, 403, 404, 407, 411, 412, 413, 414, 415, 416, 418, 420, 421, 424, 425, 427, 428, 429, 431, 441, 443, 448, 467, 469, 474, 476, 478, 480, 482, 484, 486, 488, 490, 492, 496, 498, 501, 502, 503, 505, 506, 508, 510, 511, 513, 518, 529, 530, 532, 534, 549, 551, 552, 555, 556, 559, 560, 562, 577, 578, 581, 582, 584, 585, 586, 588, 589, 591, 609, 612, 613, 614, 617, 619, 635, 638, 640, 656, 658, 659, 661, 664], "excluded_lines": [], "functions": {"SlippageAnalyzer.__init__": {"executed_lines": [100, 103, 109], "summary": {"covered_lines": 3, "num_statements": 3, "percent_covered": 100.0, "percent_covered_display": "100", "missing_lines": 0, "excluded_lines": 0}, "missing_lines": [], "excluded_lines": []}, "SlippageAnalyzer.assess_market_conditions": {"executed_lines": [], "summary": {"covered_lines": 0, "num_statements": 19, "percent_covered": 0.0, "percent_covered_display": "0", "missing_lines": 19, "excluded_lines": 0}, "missing_lines": [131, 132, 133, 135, 138, 139, 140, 141, 142, 144, 147, 148, 150, 151, 152, 153, 154, 157, 161], "excluded_lines": []}, "SlippageAnalyzer.estimate_market_impact": {"executed_lines": [], "summary": {"covered_lines": 0, "num_statements": 13, "percent_covered": 0.0, "percent_covered_display": "0", "missing_lines": 13, "excluded_lines": 0}, "missing_lines": [193, 198, 201, 204, 205, 206, 207, 208, 211, 212, 214, 216, 224], "excluded_lines": []}, "SlippageAnalyzer.estimate_slippage": {"executed_lines": [], "summary": {"covered_lines": 0, "num_statements": 54, "percent_covered": 0.0, "percent_covered_display": "0", "missing_lines": 54, "excluded_lines": 0}, "missing_lines": [250, 255, 258, 261, 262, 263, 265, 267, 268, 269, 270, 272, 273, 274, 276, 278, 279, 280, 281, 283, 284, 285, 288, 289, 290, 291, 292, 293, 294, 295, 297, 298, 299, 302, 303, 304, 305, 306, 307, 308, 309, 312, 313, 316, 317, 318, 319, 320, 321, 322, 323, 324, 326, 328], "excluded_lines": []}, "SlippageAnalyzer.record_actual_slippage": {"executed_lines": [345, 346, 348, 349, 352, 356], "summary": {"covered_lines": 6, "num_statements": 8, "percent_covered": 75.0, "percent_covered_display": "75", "missing_lines": 2, "excluded_lines": 0}, "missing_lines": [353, 357], "excluded_lines": []}, "AdaptiveExecutor.__init__": {"executed_lines": [380, 381, 382], "summary": {"covered_lines": 3, "num_statements": 3, "percent_covered": 100.0, "percent_covered_display": "100", "missing_lines": 0, "excluded_lines": 0}, "missing_lines": [], "excluded_lines": []}, "AdaptiveExecutor.create_execution_plan": {"executed_lines": [], "summary": {"covered_lines": 0, "num_statements": 22, "percent_covered": 0.0, "percent_covered_display": "0", "missing_lines": 22, "excluded_lines": 0}, "missing_lines": [402, 403, 404, 407, 411, 412, 413, 414, 415, 416, 418, 420, 421, 424, 425, 427, 428, 429, 431, 441, 443, 448], "excluded_lines": []}, "AdaptiveExecutor.execute_with_strategy": {"executed_lines": [], "summary": {"covered_lines": 0, "num_statements": 24, "percent_covered": 0.0, "percent_covered_display": "0", "missing_lines": 24, "excluded_lines": 0}, "missing_lines": [467, 469, 474, 476, 478, 480, 482, 484, 486, 488, 490, 492, 496, 498, 501, 502, 503, 505, 506, 508, 510, 511, 513, 518], "excluded_lines": []}, "AdaptiveExecutor._execute_market_order": {"executed_lines": [], "summary": {"covered_lines": 0, "num_statements": 4, "percent_covered": 0.0, "percent_covered_display": "0", "missing_lines": 4, "excluded_lines": 0}, "missing_lines": [529, 530, 532, 534], "excluded_lines": []}, "AdaptiveExecutor._execute_limit_ioc": {"executed_lines": [], "summary": {"covered_lines": 0, "num_statements": 8, "percent_covered": 0.0, "percent_covered_display": "0", "missing_lines": 8, "excluded_lines": 0}, "missing_lines": [549, 551, 552, 555, 556, 559, 560, 562], "excluded_lines": []}, "AdaptiveExecutor._execute_twap": {"executed_lines": [], "summary": {"covered_lines": 0, "num_statements": 10, "percent_covered": 0.0, "percent_covered_display": "0", "missing_lines": 10, "excluded_lines": 0}, "missing_lines": [577, 578, 581, 582, 584, 585, 586, 588, 589, 591], "excluded_lines": []}, "AdaptiveExecutor._execute_vwap": {"executed_lines": [], "summary": {"covered_lines": 0, "num_statements": 6, "percent_covered": 0.0, "percent_covered_display": "0", "missing_lines": 6, "excluded_lines": 0}, "missing_lines": [609, 612, 613, 614, 617, 619], "excluded_lines": []}, "AdaptiveExecutor._execute_iceberg": {"executed_lines": [], "summary": {"covered_lines": 0, "num_statements": 3, "percent_covered": 0.0, "percent_covered_display": "0", "missing_lines": 3, "excluded_lines": 0}, "missing_lines": [635, 638, 640], "excluded_lines": []}, "AdaptiveExecutor._execute_adaptive": {"executed_lines": [], "summary": {"covered_lines": 0, "num_statements": 5, "percent_covered": 0.0, "percent_covered_display": "0", "missing_lines": 5, "excluded_lines": 0}, "missing_lines": [656, 658, 659, 661, 664], "excluded_lines": []}, "": {"executed_lines": [1, 14, 15, 16, 17, 18, 19, 21, 22, 29, 30, 31, 32, 33, 34, 37, 38, 39, 40, 41, 42, 43, 44, 47, 48, 49, 50, 51, 52, 53, 54, 55, 56, 57, 58, 61, 62, 63, 64, 65, 66, 67, 68, 69, 70, 73, 74, 75, 76, 77, 78, 79, 80, 81, 82, 83, 86, 89, 90, 91, 92, 93, 96, 97, 99, 111, 173, 226, 338, 365, 366, 375, 384, 450, 520, 541, 569, 599, 627, 648, 668, 669], "summary": {"covered_lines": 74, "num_statements": 74, "percent_covered": 100.0, "percent_covered_display": "100", "missing_lines": 0, "excluded_lines": 0}, "missing_lines": [], "excluded_lines": []}}, "classes": {"ExecutionUrgency": {"executed_lines": [], "summary": {"covered_lines": 0, "num_statements": 0, "percent_covered": 100.0, "percent_covered_display": "100", "missing_lines": 0, "excluded_lines": 0}, "missing_lines": [], "excluded_lines": []}, "SlippageStrategy": {"executed_lines": [], "summary": {"covered_lines": 0, "num_statements": 0, "percent_covered": 100.0, "percent_covered_display": "100", "missing_lines": 0, "excluded_lines": 0}, "missing_lines": [], "excluded_lines": []}, "MarketConditions": {"executed_lines": [], "summary": {"covered_lines": 0, "num_statements": 0, "percent_covered": 100.0, "percent_covered_display": "100", "missing_lines": 0, "excluded_lines": 0}, "missing_lines": [], "excluded_lines": []}, "SlippageEstimate": {"executed_lines": [], "summary": {"covered_lines": 0, "num_statements": 0, "percent_covered": 100.0, "percent_covered_display": "100", "missing_lines": 0, "excluded_lines": 0}, "missing_lines": [], "excluded_lines": []}, "ExecutionOrder": {"executed_lines": [], "summary": {"covered_lines": 0, "num_statements": 0, "percent_covered": 100.0, "percent_covered_display": "100", "missing_lines": 0, "excluded_lines": 0}, "missing_lines": [], "excluded_lines": []}, "SlippageAnalyzer": {"executed_lines": [100, 103, 109, 345, 346, 348, 349, 352, 356], "summary": {"covered_lines": 9, "num_statements": 97, "percent_covered": 9.278350515463918, "percent_covered_display": "9", "missing_lines": 88, "excluded_lines": 0}, "missing_lines": [131, 132, 133, 135, 138, 139, 140, 141, 142, 144, 147, 148, 150, 151, 152, 153, 154, 157, 161, 193, 198, 201, 204, 205, 206, 207, 208, 211, 212, 214, 216, 224, 250, 255, 258, 261, 262, 263, 265, 267, 268, 269, 270, 272, 273, 274, 276, 278, 279, 280, 281, 283, 284, 285, 288, 289, 290, 291, 292, 293, 294, 295, 297, 298, 299, 302, 303, 304, 305, 306, 307, 308, 309, 312, 313, 316, 317, 318, 319, 320, 321, 322, 323, 324, 326, 328, 353, 357], "excluded_lines": []}, "AdaptiveExecutor": {"executed_lines": [380, 381, 382], "summary": {"covered_lines": 3, "num_statements": 85, "percent_covered": 3.5294117647058822, "percent_covered_display": "4", "missing_lines": 82, "excluded_lines": 0}, "missing_lines": [402, 403, 404, 407, 411, 412, 413, 414, 415, 416, 418, 420, 421, 424, 425, 427, 428, 429, 431, 441, 443, 448, 467, 469, 474, 476, 478, 480, 482, 484, 486, 488, 490, 492, 496, 498, 501, 502, 503, 505, 506, 508, 510, 511, 513, 518, 529, 530, 532, 534, 549, 551, 552, 555, 556, 559, 560, 562, 577, 578, 581, 582, 584, 585, 586, 588, 589, 591, 609, 612, 613, 614, 617, 619, 635, 638, 640, 656, 658, 659, 661, 664], "excluded_lines": []}, "": {"executed_lines": [1, 14, 15, 16, 17, 18, 19, 21, 22, 29, 30, 31, 32, 33, 34, 37, 38, 39, 40, 41, 42, 43, 44, 47, 48, 49, 50, 51, 52, 53, 54, 55, 56, 57, 58, 61, 62, 63, 64, 65, 66, 67, 68, 69, 70, 73, 74, 75, 76, 77, 78, 79, 80, 81, 82, 83, 86, 89, 90, 91, 92, 93, 96, 97, 99, 111, 173, 226, 338, 365, 366, 375, 384, 450, 520, 541, 569, 599, 627, 648, 668, 669], "summary": {"covered_lines": 74, "num_statements": 74, "percent_covered": 100.0, "percent_covered_display": "100", "missing_lines": 0, "excluded_lines": 0}, "missing_lines": [], "excluded_lines": []}}}, "src/utils/__init__.py": {"executed_lines": [1, 3, 4, 5, 6, 8], "summary": {"covered_lines": 5, "num_statements": 5, "percent_covered": 100.0, "percent_covered_display": "100", "missing_lines": 0, "excluded_lines": 0}, "missing_lines": [], "excluded_lines": [], "functions": {"": {"executed_lines": [1, 3, 4, 5, 6, 8], "summary": {"covered_lines": 5, "num_statements": 5, "percent_covered": 100.0, "percent_covered_display": "100", "missing_lines": 0, "excluded_lines": 0}, "missing_lines": [], "excluded_lines": []}}, "classes": {"": {"executed_lines": [1, 3, 4, 5, 6, 8], "summary": {"covered_lines": 5, "num_statements": 5, "percent_covered": 100.0, "percent_covered_display": "100", "missing_lines": 0, "excluded_lines": 0}, "missing_lines": [], "excluded_lines": []}}}, "src/utils/cache.py": {"executed_lines": [1, 13, 14, 15, 16, 17, 18, 19, 22, 23, 27, 29, 30, 40, 42, 43, 44, 46, 56, 57, 71, 88, 89, 103, 116, 141, 155, 156, 157, 159, 162, 163, 164, 168, 169, 170, 172, 173, 177], "summary": {"covered_lines": 37, "num_statements": 80, "percent_covered": 46.25, "percent_covered_display": "46", "missing_lines": 43, "excluded_lines": 0}, "missing_lines": [41, 59, 60, 61, 62, 63, 65, 66, 67, 68, 69, 91, 92, 93, 94, 96, 97, 98, 99, 100, 101, 105, 106, 108, 109, 110, 111, 112, 113, 114, 126, 127, 129, 130, 131, 132, 133, 134, 135, 136, 137, 138, 165], "excluded_lines": [], "functions": {"Cache.__init__": {"executed_lines": [29, 30, 40, 42, 43, 44], "summary": {"covered_lines": 6, "num_statements": 7, "percent_covered": 85.71428571428571, "percent_covered_display": "86", "missing_lines": 1, "excluded_lines": 0}, "missing_lines": [41], "excluded_lines": []}, "Cache.get": {"executed_lines": [56, 57], "summary": {"covered_lines": 2, "num_statements": 12, "percent_covered": 16.666666666666668, "percent_covered_display": "17", "missing_lines": 10, "excluded_lines": 0}, "missing_lines": [59, 60, 61, 62, 63, 65, 66, 67, 68, 69], "excluded_lines": []}, "Cache.set": {"executed_lines": [88, 89], "summary": {"covered_lines": 2, "num_statements": 12, "percent_covered": 16.666666666666668, "percent_covered_display": "17", "missing_lines": 10, "excluded_lines": 0}, "missing_lines": [91, 92, 93, 94, 96, 97, 98, 99, 100, 101], "excluded_lines": []}, "Cache.delete": {"executed_lines": [], "summary": {"covered_lines": 0, "num_statements": 9, "percent_covered": 0.0, "percent_covered_display": "0", "missing_lines": 9, "excluded_lines": 0}, "missing_lines": [105, 106, 108, 109, 110, 111, 112, 113, 114], "excluded_lines": []}, "Cache.clear_pattern": {"executed_lines": [], "summary": {"covered_lines": 0, "num_statements": 12, "percent_covered": 0.0, "percent_covered_display": "0", "missing_lines": 12, "excluded_lines": 0}, "missing_lines": [126, 127, 129, 130, 131, 132, 133, 134, 135, 136, 137, 138], "excluded_lines": []}, "cached": {"executed_lines": [155, 156, 173], "summary": {"covered_lines": 3, "num_statements": 3, "percent_covered": 100.0, "percent_covered_display": "100", "missing_lines": 0, "excluded_lines": 0}, "missing_lines": [], "excluded_lines": []}, "cached.decorator": {"executed_lines": [157, 172], "summary": {"covered_lines": 2, "num_statements": 2, "percent_covered": 100.0, "percent_covered_display": "100", "missing_lines": 0, "excluded_lines": 0}, "missing_lines": [], "excluded_lines": []}, "cached.decorator.wrapper": {"executed_lines": [159, 162, 163, 164, 168, 169, 170], "summary": {"covered_lines": 7, "num_statements": 8, "percent_covered": 87.5, "percent_covered_display": "88", "missing_lines": 1, "excluded_lines": 0}, "missing_lines": [165], "excluded_lines": []}, "": {"executed_lines": [1, 13, 14, 15, 16, 17, 18, 19, 22, 23, 27, 46, 71, 103, 116, 141, 177], "summary": {"covered_lines": 15, "num_statements": 15, "percent_covered": 100.0, "percent_covered_display": "100", "missing_lines": 0, "excluded_lines": 0}, "missing_lines": [], "excluded_lines": []}}, "classes": {"Cache": {"executed_lines": [29, 30, 40, 42, 43, 44, 56, 57, 88, 89], "summary": {"covered_lines": 10, "num_statements": 52, "percent_covered": 19.23076923076923, "percent_covered_display": "19", "missing_lines": 42, "excluded_lines": 0}, "missing_lines": [41, 59, 60, 61, 62, 63, 65, 66, 67, 68, 69, 91, 92, 93, 94, 96, 97, 98, 99, 100, 101, 105, 106, 108, 109, 110, 111, 112, 113, 114, 126, 127, 129, 130, 131, 132, 133, 134, 135, 136, 137, 138], "excluded_lines": []}, "": {"executed_lines": [1, 13, 14, 15, 16, 17, 18, 19, 22, 23, 27, 46, 71, 103, 116, 141, 155, 156, 157, 159, 162, 163, 164, 168, 169, 170, 172, 173, 177], "summary": {"covered_lines": 27, "num_statements": 28, "percent_covered": 96.42857142857143, "percent_covered_display": "96", "missing_lines": 1, "excluded_lines": 0}, "missing_lines": [165], "excluded_lines": []}}}, "src/utils/config.py": {"executed_lines": [1, 8, 9, 10, 11, 14, 15, 23, 24, 25, 26, 27, 31, 37, 41, 42, 43, 46, 47, 48, 49, 50, 53, 54, 55, 58, 59, 62, 66, 70, 74, 78, 84, 88, 92, 96, 102, 103, 106, 111, 112, 114, 119, 120, 122, 124, 125, 127, 129, 131, 132, 133, 134, 138], "summary": {"covered_lines": 52, "num_statements": 53, "percent_covered": 98.11320754716981, "percent_covered_display": "98", "missing_lines": 1, "excluded_lines": 0}, "missing_lines": [128], "excluded_lines": [], "functions": {"Settings.database_url": {"executed_lines": [114], "summary": {"covered_lines": 1, "num_statements": 1, "percent_covered": 100.0, "percent_covered_display": "100", "missing_lines": 0, "excluded_lines": 0}, "missing_lines": [], "excluded_lines": []}, "Settings.redis_url": {"executed_lines": [122], "summary": {"covered_lines": 1, "num_statements": 1, "percent_covered": 100.0, "percent_covered_display": "100", "missing_lines": 0, "excluded_lines": 0}, "missing_lines": [], "excluded_lines": []}, "Settings.validate_paper_trading": {"executed_lines": [127, 129], "summary": {"covered_lines": 2, "num_statements": 3, "percent_covered": 66.66666666666667, "percent_covered_display": "67", "missing_lines": 1, "excluded_lines": 0}, "missing_lines": [128], "excluded_lines": []}, "": {"executed_lines": [1, 8, 9, 10, 11, 14, 15, 23, 24, 25, 26, 27, 31, 37, 41, 42, 43, 46, 47, 48, 49, 50, 53, 54, 55, 58, 59, 62, 66, 70, 74, 78, 84, 88, 92, 96, 102, 103, 106, 111, 112, 119, 120, 124, 125, 131, 132, 133, 134, 138], "summary": {"covered_lines": 48, "num_statements": 48, "percent_covered": 100.0, "percent_covered_display": "100", "missing_lines": 0, "excluded_lines": 0}, "missing_lines": [], "excluded_lines": []}}, "classes": {"Settings": {"executed_lines": [114, 122, 127, 129], "summary": {"covered_lines": 4, "num_statements": 5, "percent_covered": 80.0, "percent_covered_display": "80", "missing_lines": 1, "excluded_lines": 0}, "missing_lines": [128], "excluded_lines": []}, "Settings.Config": {"executed_lines": [], "summary": {"covered_lines": 0, "num_statements": 0, "percent_covered": 100.0, "percent_covered_display": "100", "missing_lines": 0, "excluded_lines": 0}, "missing_lines": [], "excluded_lines": []}, "": {"executed_lines": [1, 8, 9, 10, 11, 14, 15, 23, 24, 25, 26, 27, 31, 37, 41, 42, 43, 46, 47, 48, 49, 50, 53, 54, 55, 58, 59, 62, 66, 70, 74, 78, 84, 88, 92, 96, 102, 103, 106, 111, 112, 119, 120, 124, 125, 131, 132, 133, 134, 138], "summary": {"covered_lines": 48, "num_statements": 48, "percent_covered": 100.0, "percent_covered_display": "100", "missing_lines": 0, "excluded_lines": 0}, "missing_lines": [], "excluded_lines": []}}}, "src/utils/database.py": {"executed_lines": [1, 8, 9, 10, 11, 12, 13, 14, 17, 18, 21, 31, 38, 39, 53, 54, 55, 56, 57, 58, 59, 60, 62, 65, 72, 73, 74, 80], "summary": {"covered_lines": 27, "num_statements": 34, "percent_covered": 79.41176470588235, "percent_covered_display": "79", "missing_lines": 7, "excluded_lines": 0}, "missing_lines": [75, 76, 77, 89, 90, 91, 93], "excluded_lines": [], "functions": {"get_db": {"executed_lines": [53, 54, 55, 56, 57, 58, 59, 60, 62], "summary": {"covered_lines": 9, "num_statements": 9, "percent_covered": 100.0, "percent_covered_display": "100", "missing_lines": 0, "excluded_lines": 0}, "missing_lines": [], "excluded_lines": []}, "init_db": {"executed_lines": [72, 73, 74], "summary": {"covered_lines": 3, "num_statements": 6, "percent_covered": 50.0, "percent_covered_display": "50", "missing_lines": 3, "excluded_lines": 0}, "missing_lines": [75, 76, 77], "excluded_lines": []}, "get_db_dependency": {"executed_lines": [], "summary": {"covered_lines": 0, "num_statements": 4, "percent_covered": 0.0, "percent_covered_display": "0", "missing_lines": 4, "excluded_lines": 0}, "missing_lines": [89, 90, 91, 93], "excluded_lines": []}, "": {"executed_lines": [1, 8, 9, 10, 11, 12, 13, 14, 17, 18, 21, 31, 38, 39, 65, 80], "summary": {"covered_lines": 15, "num_statements": 15, "percent_covered": 100.0, "percent_covered_display": "100", "missing_lines": 0, "excluded_lines": 0}, "missing_lines": [], "excluded_lines": []}}, "classes": {"": {"executed_lines": [1, 8, 9, 10, 11, 12, 13, 14, 17, 18, 21, 31, 38, 39, 53, 54, 55, 56, 57, 58, 59, 60, 62, 65, 72, 73, 74, 80], "summary": {"covered_lines": 27, "num_statements": 34, "percent_covered": 79.41176470588235, "percent_covered_display": "79", "missing_lines": 7, "excluded_lines": 0}, "missing_lines": [75, 76, 77, 89, 90, 91, 93], "excluded_lines": []}}}, "src/utils/logger.py": {"executed_lines": [1, 8, 9, 10, 11, 14, 26, 29, 37, 38, 40, 51, 60, 61, 65], "summary": {"covered_lines": 14, "num_statements": 14, "percent_covered": 100.0, "percent_covered_display": "100", "missing_lines": 0, "excluded_lines": 0}, "missing_lines": [], "excluded_lines": [], "functions": {"setup_logger": {"executed_lines": [26, 29, 37, 38, 40, 51, 60, 61], "summary": {"covered_lines": 8, "num_statements": 8, "percent_covered": 100.0, "percent_covered_display": "100", "missing_lines": 0, "excluded_lines": 0}, "missing_lines": [], "excluded_lines": []}, "": {"executed_lines": [1, 8, 9, 10, 11, 14, 65], "summary": {"covered_lines": 6, "num_statements": 6, "percent_covered": 100.0, "percent_covered_display": "100", "missing_lines": 0, "excluded_lines": 0}, "missing_lines": [], "excluded_lines": []}}, "classes": {"": {"executed_lines": [1, 8, 9, 10, 11, 14, 26, 29, 37, 38, 40, 51, 60, 61, 65], "summary": {"covered_lines": 14, "num_statements": 14, "percent_covered": 100.0, "percent_covered_display": "100", "missing_lines": 0, "excluded_lines": 0}, "missing_lines": [], "excluded_lines": []}}}}, "totals": {"covered_lines": 1416, "num_statements": 2376, "percent_covered": 59.5959595959596, "percent_covered_display": "60", "missing_lines": 960, "excluded_lines": 0}}